2026-03-29 01:51:06,267 | WARNING | GOOGLE_API_KEY missing. GenAIAgent running in MOCK mode.
2026-03-29 01:51:06,267 | INFO | === FinOpsAgent: load_data() ===
2026-03-29 01:51:06,267 | INFO | Loading dataset from data/PS_20174392719_1491204439457_log.csv
2026-03-29 01:51:06,300 | INFO | Dataset loaded: 20,000 rows, 12 columns.
2026-03-29 01:51:19,779 | WARNING | GOOGLE_API_KEY missing. GenAIAgent running in MOCK mode.
2026-03-29 01:51:19,779 | INFO | === FinOpsAgent: load_data() ===
2026-03-29 01:51:19,779 | INFO | Loading dataset from data/PS_20174392719_1491204439457_log.csv
2026-03-29 01:51:19,802 | INFO | Dataset loaded: 20,000 rows, 13 columns.
2026-03-29 01:51:19,852 | INFO | Injected 400 missing-in-bank rows.
2026-03-29 01:51:20,092 | INFO | Injected 200 missing-in-ledger rows.
2026-03-29 01:51:20,093 | INFO | Injected 270 amount-mismatch rows.
2026-03-29 01:51:20,094 | INFO | Injected 98 duplicate rows into bank.
2026-03-29 01:51:20,095 | INFO | Injected 181 name-inconsistency rows.
2026-03-29 01:51:20,306 | INFO | Saved internal_ledger.csv and bank_statement.csv.
2026-03-29 01:51:20,311 | INFO | Ledger: 19,800 rows | Bank: 19,698 rows
2026-03-29 01:51:20,312 | INFO | === FinOpsAgent: reconcile() ===
2026-03-29 01:51:20,373 | INFO | Reconciliation complete. Statuses:
{'matched': 19039, 'missing_in_bank': 400, 'amount_mismatch': 268, 'missing_in_ledger': 199, 'duplicate': 192}
2026-03-29 01:51:20,376 | INFO | === FinOpsAgent: detect_issues() ===
2026-03-29 01:51:20,386 | INFO | Training Isolation Forest on 19,800 samples …
2026-03-29 01:51:20,519 | INFO | Isolation Forest training complete.
2026-03-29 01:51:20,532 | INFO | Model saved → models/isolation_forest.joblib
2026-03-29 01:51:20,532 | INFO | Scaler saved → models/scaler.joblib
2026-03-29 01:51:20,613 | INFO | ML flagged 396 anomalies.
2026-03-29 01:51:20,627 | INFO | Total issues detected: 12,886
2026-03-29 01:51:20,628 | INFO | === FinOpsAgent: analyze_root_cause() ===
2026-03-29 01:51:20,629 | INFO | Executing GenAI granular analysis for high-impact items...
2026-03-29 01:51:20,630 | INFO | Root-cause analysis complete.
2026-03-29 01:51:20,631 | INFO | === FinOpsAgent: calculate_impact() ===
2026-03-29 01:51:20,635 | INFO | Generating GenAI Closing Narrative...
2026-03-29 01:51:20,637 | INFO | Total variance: ₹2,345,584,723.64
2026-03-29 01:51:20,639 | WARNING | ALERT: T0002945 | duplicate | ₹79,346
2026-03-29 01:51:20,639 | WARNING | ALERT: T0018858 | missing_in_bank | ₹228,152
2026-03-29 01:51:20,639 | WARNING | ALERT: T0018075 | amount_mismatch | ₹227,013
2026-03-29 01:51:20,639 | WARNING | ALERT: T0012000 | missing_in_bank | ₹162,767
2026-03-29 01:51:20,639 | WARNING | ALERT: T0017628 | amount_mismatch | ₹120,714
2026-03-29 01:51:20,639 | WARNING | ALERT: T0002594 | duplicate | ₹459,710
2026-03-29 01:51:20,639 | WARNING | ALERT: T0015397 | amount_mismatch | ₹663,822
2026-03-29 01:51:20,639 | WARNING | ALERT: T0002157 | amount_mismatch | ₹65,592
2026-03-29 01:51:20,639 | WARNING | ALERT: T0010316 | missing_in_bank | ₹401,346
2026-03-29 01:51:20,639 | WARNING | ALERT: T0006002 | missing_in_bank | ₹113,783
2026-03-29 01:51:20,639 | WARNING | ALERT: T0013097 | amount_mismatch | ₹328,684
2026-03-29 01:51:20,639 | WARNING | ALERT: T0001406 | amount_mismatch | ₹204,692
2026-03-29 01:51:20,639 | WARNING | ALERT: T0012467 | missing_in_bank | ₹441,446
2026-03-29 01:51:20,639 | WARNING | ALERT: T0013917 | missing_in_bank | ₹1,860,432
2026-03-29 01:51:20,639 | WARNING | ALERT: T0002755 | amount_mismatch | ₹564,828
2026-03-29 01:51:20,639 | WARNING | ALERT: T0002281 | missing_in_bank | ₹428,248
2026-03-29 01:51:20,639 | WARNING | ALERT: T0010109 | missing_in_bank | ₹1,719,356
2026-03-29 01:51:20,639 | WARNING | ALERT: T0017257 | missing_in_bank | ₹724,540
2026-03-29 01:51:20,639 | WARNING | ALERT: T0013629 | amount_mismatch | ₹182,695
2026-03-29 01:51:20,639 | WARNING | ALERT: T0002770 | amount_mismatch | ₹177,578
2026-03-29 01:51:20,679 | INFO | Issues saved → data/issues_report.csv
2026-03-29 01:51:20,679 | INFO | Pipeline complete in 0.9s
2026-03-29 01:53:31,493 | WARNING | GOOGLE_API_KEY missing. GenAIAgent running in MOCK mode.
2026-03-29 01:53:31,494 | INFO | === FinOpsAgent: load_data() ===
2026-03-29 01:53:31,494 | INFO | Loading dataset from data/PS_20174392719_1491204439457_log.csv
2026-03-29 01:53:31,522 | INFO | Dataset loaded: 20,000 rows, 13 columns.
2026-03-29 01:53:31,573 | INFO | Injected 400 missing-in-bank rows.
2026-03-29 01:53:31,817 | INFO | Injected 200 missing-in-ledger rows.
2026-03-29 01:53:31,817 | INFO | Injected 270 amount-mismatch rows.
2026-03-29 01:53:31,818 | INFO | Injected 98 duplicate rows into bank.
2026-03-29 01:53:31,820 | INFO | Injected 181 name-inconsistency rows.
2026-03-29 01:53:31,958 | INFO | Saved internal_ledger.csv and bank_statement.csv.
2026-03-29 01:53:31,961 | INFO | Ledger: 19,800 rows | Bank: 19,698 rows
2026-03-29 01:53:31,961 | INFO | === FinOpsAgent: reconcile() ===
2026-03-29 01:53:32,021 | INFO | Reconciliation complete. Statuses:
{'matched': 19039, 'missing_in_bank': 400, 'amount_mismatch': 268, 'missing_in_ledger': 199, 'duplicate': 192}
2026-03-29 01:53:32,024 | INFO | === FinOpsAgent: detect_issues() ===
2026-03-29 01:53:32,033 | INFO | Training Isolation Forest on 19,800 samples …
2026-03-29 01:53:32,166 | INFO | Isolation Forest training complete.
2026-03-29 01:53:32,180 | INFO | Model saved → models/isolation_forest.joblib
2026-03-29 01:53:32,180 | INFO | Scaler saved → models/scaler.joblib
2026-03-29 01:53:32,260 | INFO | ML flagged 396 anomalies.
2026-03-29 01:53:32,273 | INFO | Total issues detected: 12,886
2026-03-29 01:53:32,274 | INFO | === FinOpsAgent: analyze_root_cause() ===
2026-03-29 01:53:32,275 | INFO | Executing GenAI granular analysis for high-impact items...
2026-03-29 01:53:32,277 | INFO | Root-cause analysis complete.
2026-03-29 01:53:32,277 | INFO | === FinOpsAgent: calculate_impact() ===
2026-03-29 01:53:32,280 | INFO | Generating GenAI Closing Narrative...
2026-03-29 01:53:32,282 | INFO | Total variance: ₹2,345,584,723.64
2026-03-29 01:53:32,284 | WARNING | ALERT: T0006683 | duplicate | ₹511,779
2026-03-29 01:53:32,284 | WARNING | ALERT: T0005070 | missing_in_bank | ₹439,939
2026-03-29 01:53:32,284 | WARNING | ALERT: T0014478 | amount_mismatch | ₹50,390
2026-03-29 01:53:32,284 | WARNING | ALERT: T0014625 | amount_mismatch | ₹278,156
2026-03-29 01:53:32,284 | WARNING | ALERT: T0013563 | missing_in_bank | ₹507,940
2026-03-29 01:53:32,284 | WARNING | ALERT: T0018468 | missing_in_bank | ₹131,452
2026-03-29 01:53:32,284 | WARNING | ALERT: T0017540 | duplicate | ₹243,303
2026-03-29 01:53:32,284 | WARNING | ALERT: T0016410 | missing_in_bank | ₹234,748
2026-03-29 01:53:32,284 | WARNING | ALERT: T0009781 | amount_mismatch | ₹178,824
2026-03-29 01:53:32,284 | WARNING | ALERT: T0016317 | missing_in_bank | ₹130,885
2026-03-29 01:53:32,284 | WARNING | ALERT: T0002900 | amount_mismatch | ₹107,548
2026-03-29 01:53:32,284 | WARNING | ALERT: T0000289 | missing_in_bank | ₹691,738
2026-03-29 01:53:32,284 | WARNING | ALERT: T0001365 | amount_mismatch | ₹412,907
2026-03-29 01:53:32,284 | WARNING | ALERT: T0002594 | duplicate | ₹459,710
2026-03-29 01:53:32,284 | WARNING | ALERT: T0016376 | amount_mismatch | ₹400,861
2026-03-29 01:53:32,284 | WARNING | ALERT: T0002680 | amount_mismatch | ₹100,127
2026-03-29 01:53:32,284 | WARNING | ALERT: T0009133 | missing_in_bank | ₹205,239
2026-03-29 01:53:32,284 | WARNING | ALERT: T0019342 | amount_mismatch | ₹770,549
2026-03-29 01:53:32,284 | WARNING | ALERT: T0009438 | amount_mismatch | ₹295,226
2026-03-29 01:53:32,284 | WARNING | ALERT: T0005331 | missing_in_bank | ₹72,826
2026-03-29 01:53:32,327 | INFO | Issues saved → data/issues_report.csv
2026-03-29 01:53:32,327 | INFO | Pipeline complete in 0.8s
2026-03-29 01:54:05,120 | WARNING | GOOGLE_API_KEY missing. GenAIAgent running in MOCK mode.
2026-03-29 01:54:05,121 | INFO | === FinOpsAgent: load_data() ===
2026-03-29 01:54:05,121 | INFO | Loading dataset from data/PS_20174392719_1491204439457_log.csv
2026-03-29 01:54:05,177 | INFO | Dataset loaded: 20,000 rows, 13 columns.
2026-03-29 01:54:05,240 | INFO | Injected 400 missing-in-bank rows.
2026-03-29 01:54:05,485 | INFO | Injected 200 missing-in-ledger rows.
2026-03-29 01:54:05,486 | INFO | Injected 270 amount-mismatch rows.
2026-03-29 01:54:05,487 | INFO | Injected 98 duplicate rows into bank.
2026-03-29 01:54:05,487 | INFO | Injected 181 name-inconsistency rows.
2026-03-29 01:54:05,625 | INFO | Saved internal_ledger.csv and bank_statement.csv.
2026-03-29 01:54:05,629 | INFO | Ledger: 19,800 rows | Bank: 19,698 rows
2026-03-29 01:54:05,629 | INFO | === FinOpsAgent: reconcile() ===
2026-03-29 01:54:05,691 | INFO | Reconciliation complete. Statuses:
{'matched': 19039, 'missing_in_bank': 400, 'amount_mismatch': 268, 'missing_in_ledger': 199, 'duplicate': 192}
2026-03-29 01:54:05,694 | INFO | === FinOpsAgent: detect_issues() ===
2026-03-29 01:54:05,702 | INFO | Training Isolation Forest on 19,800 samples …
2026-03-29 01:54:05,822 | INFO | Isolation Forest training complete.
2026-03-29 01:54:05,837 | INFO | Model saved → models/isolation_forest.joblib
2026-03-29 01:54:05,837 | INFO | Scaler saved → models/scaler.joblib
2026-03-29 01:54:05,915 | INFO | ML flagged 396 anomalies.
2026-03-29 01:54:05,929 | INFO | Total issues detected: 12,886
2026-03-29 01:54:05,929 | INFO | === FinOpsAgent: analyze_root_cause() ===
2026-03-29 01:54:05,930 | INFO | Executing GenAI granular analysis for high-impact items...
2026-03-29 01:54:05,932 | INFO | Root-cause analysis complete.
2026-03-29 01:54:05,932 | INFO | === FinOpsAgent: calculate_impact() ===
2026-03-29 01:54:05,934 | INFO | Generating GenAI Closing Narrative...
2026-03-29 01:54:05,936 | INFO | Total variance: ₹2,345,584,723.64
2026-03-29 01:54:05,937 | WARNING | ALERT: T0006683 | duplicate | ₹511,779
2026-03-29 01:54:05,937 | WARNING | ALERT: T0005070 | missing_in_bank | ₹439,939
2026-03-29 01:54:05,937 | WARNING | ALERT: T0014478 | amount_mismatch | ₹50,390
2026-03-29 01:54:05,937 | WARNING | ALERT: T0014625 | amount_mismatch | ₹278,156
2026-03-29 01:54:05,937 | WARNING | ALERT: T0013563 | missing_in_bank | ₹507,940
2026-03-29 01:54:05,937 | WARNING | ALERT: T0018468 | missing_in_bank | ₹131,452
2026-03-29 01:54:05,937 | WARNING | ALERT: T0017540 | duplicate | ₹243,303
2026-03-29 01:54:05,937 | WARNING | ALERT: T0016410 | missing_in_bank | ₹234,748
2026-03-29 01:54:05,937 | WARNING | ALERT: T0009781 | amount_mismatch | ₹178,824
2026-03-29 01:54:05,937 | WARNING | ALERT: T0016317 | missing_in_bank | ₹130,885
2026-03-29 01:54:05,938 | WARNING | ALERT: T0002900 | amount_mismatch | ₹107,548
2026-03-29 01:54:05,938 | WARNING | ALERT: T0000289 | missing_in_bank | ₹691,738
2026-03-29 01:54:05,938 | WARNING | ALERT: T0001365 | amount_mismatch | ₹412,907
2026-03-29 01:54:05,938 | WARNING | ALERT: T0002594 | duplicate | ₹459,710
2026-03-29 01:54:05,938 | WARNING | ALERT: T0016376 | amount_mismatch | ₹400,861
2026-03-29 01:54:05,938 | WARNING | ALERT: T0002680 | amount_mismatch | ₹100,127
2026-03-29 01:54:05,938 | WARNING | ALERT: T0009133 | missing_in_bank | ₹205,239
2026-03-29 01:54:05,938 | WARNING | ALERT: T0019342 | amount_mismatch | ₹770,549
2026-03-29 01:54:05,938 | WARNING | ALERT: T0009438 | amount_mismatch | ₹295,226
2026-03-29 01:54:05,938 | WARNING | ALERT: T0005331 | missing_in_bank | ₹72,826
2026-03-29 01:54:05,978 | INFO | Issues saved → data/issues_report.csv
2026-03-29 01:54:05,978 | INFO | Pipeline complete in 0.9s
2026-03-29 01:54:10,324 | WARNING | GOOGLE_API_KEY missing. GenAIAgent running in MOCK mode.
2026-03-29 01:54:10,325 | INFO | === FinOpsAgent: load_data() ===
2026-03-29 01:54:10,325 | INFO | Loading dataset from data/PS_20174392719_1491204439457_log.csv
2026-03-29 01:54:10,370 | INFO | Dataset loaded: 20,000 rows, 13 columns.
2026-03-29 01:54:10,422 | INFO | Injected 400 missing-in-bank rows.
2026-03-29 01:54:10,668 | INFO | Injected 200 missing-in-ledger rows.
2026-03-29 01:54:10,669 | INFO | Injected 270 amount-mismatch rows.
2026-03-29 01:54:10,669 | INFO | Injected 98 duplicate rows into bank.
2026-03-29 01:54:10,670 | INFO | Injected 181 name-inconsistency rows.
2026-03-29 01:54:10,807 | INFO | Saved internal_ledger.csv and bank_statement.csv.
2026-03-29 01:54:10,809 | INFO | Ledger: 19,800 rows | Bank: 19,698 rows
2026-03-29 01:54:10,809 | INFO | === FinOpsAgent: reconcile() ===
2026-03-29 01:54:10,867 | INFO | Reconciliation complete. Statuses:
{'matched': 19039, 'missing_in_bank': 400, 'amount_mismatch': 268, 'missing_in_ledger': 199, 'duplicate': 192}
2026-03-29 01:54:10,870 | INFO | === FinOpsAgent: detect_issues() ===
2026-03-29 01:54:10,878 | INFO | Training Isolation Forest on 19,800 samples …
2026-03-29 01:54:10,988 | INFO | Isolation Forest training complete.
2026-03-29 01:54:11,002 | INFO | Model saved → models/isolation_forest.joblib
2026-03-29 01:54:11,003 | INFO | Scaler saved → models/scaler.joblib
2026-03-29 01:54:11,081 | INFO | ML flagged 396 anomalies.
2026-03-29 01:54:11,094 | INFO | Total issues detected: 12,886
2026-03-29 01:54:11,095 | INFO | === FinOpsAgent: analyze_root_cause() ===
2026-03-29 01:54:11,096 | INFO | Executing GenAI granular analysis for high-impact items...
2026-03-29 01:54:11,097 | INFO | Root-cause analysis complete.
2026-03-29 01:54:11,097 | INFO | === FinOpsAgent: calculate_impact() ===
2026-03-29 01:54:11,100 | INFO | Generating GenAI Closing Narrative...
2026-03-29 01:54:11,102 | INFO | Total variance: ₹2,345,584,723.64
2026-03-29 01:54:11,103 | WARNING | ALERT: T0006683 | duplicate | ₹511,779
2026-03-29 01:54:11,104 | WARNING | ALERT: T0005070 | missing_in_bank | ₹439,939
2026-03-29 01:54:11,104 | WARNING | ALERT: T0014478 | amount_mismatch | ₹50,390
2026-03-29 01:54:11,104 | WARNING | ALERT: T0014625 | amount_mismatch | ₹278,156
2026-03-29 01:54:11,104 | WARNING | ALERT: T0013563 | missing_in_bank | ₹507,940
2026-03-29 01:54:11,104 | WARNING | ALERT: T0018468 | missing_in_bank | ₹131,452
2026-03-29 01:54:11,104 | WARNING | ALERT: T0017540 | duplicate | ₹243,303
2026-03-29 01:54:11,104 | WARNING | ALERT: T0016410 | missing_in_bank | ₹234,748
2026-03-29 01:54:11,104 | WARNING | ALERT: T0009781 | amount_mismatch | ₹178,824
2026-03-29 01:54:11,104 | WARNING | ALERT: T0016317 | missing_in_bank | ₹130,885
2026-03-29 01:54:11,104 | WARNING | ALERT: T0002900 | amount_mismatch | ₹107,548
2026-03-29 01:54:11,104 | WARNING | ALERT: T0000289 | missing_in_bank | ₹691,738
2026-03-29 01:54:11,104 | WARNING | ALERT: T0001365 | amount_mismatch | ₹412,907
2026-03-29 01:54:11,104 | WARNING | ALERT: T0002594 | duplicate | ₹459,710
2026-03-29 01:54:11,104 | WARNING | ALERT: T0016376 | amount_mismatch | ₹400,861
2026-03-29 01:54:11,104 | WARNING | ALERT: T0002680 | amount_mismatch | ₹100,127
2026-03-29 01:54:11,104 | WARNING | ALERT: T0009133 | missing_in_bank | ₹205,239
2026-03-29 01:54:11,104 | WARNING | ALERT: T0019342 | amount_mismatch | ₹770,549
2026-03-29 01:54:11,104 | WARNING | ALERT: T0009438 | amount_mismatch | ₹295,226
2026-03-29 01:54:11,104 | WARNING | ALERT: T0005331 | missing_in_bank | ₹72,826
2026-03-29 01:54:11,143 | INFO | Issues saved → data/issues_report.csv
2026-03-29 01:54:11,143 | INFO | Pipeline complete in 0.8s
2026-03-29 01:54:14,687 | WARNING | GOOGLE_API_KEY missing. GenAIAgent running in MOCK mode.
2026-03-29 01:54:14,687 | INFO | === FinOpsAgent: load_data() ===
2026-03-29 01:54:14,688 | INFO | Loading dataset from data/PS_20174392719_1491204439457_log.csv
2026-03-29 01:54:14,734 | INFO | Dataset loaded: 20,000 rows, 13 columns.
2026-03-29 01:54:14,787 | INFO | Injected 400 missing-in-bank rows.
2026-03-29 01:54:15,033 | INFO | Injected 200 missing-in-ledger rows.
2026-03-29 01:54:15,034 | INFO | Injected 270 amount-mismatch rows.
2026-03-29 01:54:15,034 | INFO | Injected 98 duplicate rows into bank.
2026-03-29 01:54:15,035 | INFO | Injected 181 name-inconsistency rows.
2026-03-29 01:54:15,170 | INFO | Saved internal_ledger.csv and bank_statement.csv.
2026-03-29 01:54:15,172 | INFO | Ledger: 19,800 rows | Bank: 19,698 rows
2026-03-29 01:54:15,173 | INFO | === FinOpsAgent: reconcile() ===
2026-03-29 01:54:15,228 | INFO | Reconciliation complete. Statuses:
{'matched': 19039, 'missing_in_bank': 400, 'amount_mismatch': 268, 'missing_in_ledger': 199, 'duplicate': 192}
2026-03-29 01:54:15,232 | INFO | === FinOpsAgent: detect_issues() ===
2026-03-29 01:54:15,240 | INFO | Training Isolation Forest on 19,800 samples …
2026-03-29 01:54:15,356 | INFO | Isolation Forest training complete.
2026-03-29 01:54:15,371 | INFO | Model saved → models/isolation_forest.joblib
2026-03-29 01:54:15,371 | INFO | Scaler saved → models/scaler.joblib
2026-03-29 01:54:15,450 | INFO | ML flagged 396 anomalies.
2026-03-29 01:54:15,463 | INFO | Total issues detected: 12,886
2026-03-29 01:54:15,464 | INFO | === FinOpsAgent: analyze_root_cause() ===
2026-03-29 01:54:15,465 | INFO | Executing GenAI granular analysis for high-impact items...
2026-03-29 01:54:15,466 | INFO | Root-cause analysis complete.
2026-03-29 01:54:15,467 | INFO | === FinOpsAgent: calculate_impact() ===
2026-03-29 01:54:15,469 | INFO | Generating GenAI Closing Narrative...
2026-03-29 01:54:15,471 | INFO | Total variance: ₹2,345,584,723.64
2026-03-29 01:54:15,472 | WARNING | ALERT: T0006683 | duplicate | ₹511,779
2026-03-29 01:54:15,472 | WARNING | ALERT: T0005070 | missing_in_bank | ₹439,939
2026-03-29 01:54:15,472 | WARNING | ALERT: T0014478 | amount_mismatch | ₹50,390
2026-03-29 01:54:15,472 | WARNING | ALERT: T0014625 | amount_mismatch | ₹278,156
2026-03-29 01:54:15,472 | WARNING | ALERT: T0013563 | missing_in_bank | ₹507,940
2026-03-29 01:54:15,472 | WARNING | ALERT: T0018468 | missing_in_bank | ₹131,452
2026-03-29 01:54:15,472 | WARNING | ALERT: T0017540 | duplicate | ₹243,303
2026-03-29 01:54:15,472 | WARNING | ALERT: T0016410 | missing_in_bank | ₹234,748
2026-03-29 01:54:15,472 | WARNING | ALERT: T0009781 | amount_mismatch | ₹178,824
2026-03-29 01:54:15,472 | WARNING | ALERT: T0016317 | missing_in_bank | ₹130,885
2026-03-29 01:54:15,472 | WARNING | ALERT: T0002900 | amount_mismatch | ₹107,548
2026-03-29 01:54:15,472 | WARNING | ALERT: T0000289 | missing_in_bank | ₹691,738
2026-03-29 01:54:15,473 | WARNING | ALERT: T0001365 | amount_mismatch | ₹412,907
2026-03-29 01:54:15,473 | WARNING | ALERT: T0002594 | duplicate | ₹459,710
2026-03-29 01:54:15,473 | WARNING | ALERT: T0016376 | amount_mismatch | ₹400,861
2026-03-29 01:54:15,473 | WARNING | ALERT: T0002680 | amount_mismatch | ₹100,127
2026-03-29 01:54:15,473 | WARNING | ALERT: T0009133 | missing_in_bank | ₹205,239
2026-03-29 01:54:15,473 | WARNING | ALERT: T0019342 | amount_mismatch | ₹770,549
2026-03-29 01:54:15,473 | WARNING | ALERT: T0009438 | amount_mismatch | ₹295,226
2026-03-29 01:54:15,473 | WARNING | ALERT: T0005331 | missing_in_bank | ₹72,826
2026-03-29 01:54:15,515 | INFO | Issues saved → data/issues_report.csv
2026-03-29 01:54:15,515 | INFO | Pipeline complete in 0.8s
2026-03-29 01:54:32,787 | WARNING | GOOGLE_API_KEY missing. GenAIAgent running in MOCK mode.
2026-03-29 01:54:32,788 | INFO | === FinOpsAgent: load_data() ===
2026-03-29 01:54:32,788 | INFO | Loading dataset from data/PS_20174392719_1491204439457_log.csv
2026-03-29 01:54:32,850 | INFO | Dataset loaded: 20,000 rows, 13 columns.
2026-03-29 01:54:32,899 | INFO | Injected 400 missing-in-bank rows.
2026-03-29 01:54:33,148 | INFO | Injected 200 missing-in-ledger rows.
2026-03-29 01:54:33,149 | INFO | Injected 270 amount-mismatch rows.
2026-03-29 01:54:33,150 | INFO | Injected 98 duplicate rows into bank.
2026-03-29 01:54:33,151 | INFO | Injected 181 name-inconsistency rows.
2026-03-29 01:54:33,287 | INFO | Saved internal_ledger.csv and bank_statement.csv.
2026-03-29 01:54:33,290 | INFO | Ledger: 19,800 rows | Bank: 19,698 rows
2026-03-29 01:54:33,290 | INFO | === FinOpsAgent: reconcile() ===
2026-03-29 01:54:33,350 | WARNING | GOOGLE_API_KEY missing. GenAIAgent running in MOCK mode.
2026-03-29 01:54:33,350 | INFO | === FinOpsAgent: load_data() ===
2026-03-29 01:54:33,351 | INFO | Loading dataset from data/PS_20174392719_1491204439457_log.csv
2026-03-29 01:54:33,355 | INFO | Reconciliation complete. Statuses:
{'matched': 19039, 'missing_in_bank': 400, 'amount_mismatch': 268, 'missing_in_ledger': 199, 'duplicate': 192}
2026-03-29 01:54:33,360 | INFO | === FinOpsAgent: detect_issues() ===
2026-03-29 01:54:33,384 | INFO | Training Isolation Forest on 19,800 samples …
2026-03-29 01:54:33,412 | INFO | Dataset loaded: 20,000 rows, 13 columns.
2026-03-29 01:54:33,506 | INFO | Injected 400 missing-in-bank rows.
2026-03-29 01:54:33,757 | INFO | Injected 200 missing-in-ledger rows.
2026-03-29 01:54:33,758 | INFO | Injected 270 amount-mismatch rows.
2026-03-29 01:54:33,759 | INFO | Injected 98 duplicate rows into bank.
2026-03-29 01:54:33,759 | INFO | Injected 181 name-inconsistency rows.
2026-03-29 01:54:33,909 | INFO | Saved internal_ledger.csv and bank_statement.csv.
2026-03-29 01:54:33,912 | INFO | Ledger: 19,800 rows | Bank: 19,698 rows
2026-03-29 01:54:33,913 | INFO | === FinOpsAgent: reconcile() ===
2026-03-29 01:54:33,975 | INFO | Reconciliation complete. Statuses:
{'matched': 19039, 'missing_in_bank': 400, 'amount_mismatch': 268, 'missing_in_ledger': 199, 'duplicate': 192}
2026-03-29 01:54:33,978 | INFO | === FinOpsAgent: detect_issues() ===
2026-03-29 01:54:33,987 | INFO | Training Isolation Forest on 19,800 samples …
2026-03-29 01:54:34,065 | INFO | Isolation Forest training complete.
2026-03-29 01:54:34,084 | INFO | Model saved → models/isolation_forest.joblib
2026-03-29 01:54:34,084 | INFO | Scaler saved → models/scaler.joblib
2026-03-29 01:54:34,117 | INFO | Isolation Forest training complete.
2026-03-29 01:54:34,134 | INFO | Model saved → models/isolation_forest.joblib
2026-03-29 01:54:34,134 | INFO | Scaler saved → models/scaler.joblib
2026-03-29 01:54:34,176 | INFO | ML flagged 396 anomalies.
2026-03-29 01:54:34,190 | INFO | Total issues detected: 12,886
2026-03-29 01:54:34,191 | INFO | === FinOpsAgent: analyze_root_cause() ===
2026-03-29 01:54:34,192 | INFO | Executing GenAI granular analysis for high-impact items...
2026-03-29 01:54:34,193 | INFO | Root-cause analysis complete.
2026-03-29 01:54:34,193 | INFO | === FinOpsAgent: calculate_impact() ===
2026-03-29 01:54:34,196 | INFO | Generating GenAI Closing Narrative...
2026-03-29 01:54:34,198 | INFO | Total variance: ₹2,345,584,723.64
2026-03-29 01:54:34,199 | WARNING | ALERT: T0006683 | duplicate | ₹511,779
2026-03-29 01:54:34,200 | WARNING | ALERT: T0005070 | missing_in_bank | ₹439,939
2026-03-29 01:54:34,200 | WARNING | ALERT: T0014478 | amount_mismatch | ₹50,390
2026-03-29 01:54:34,200 | WARNING | ALERT: T0014625 | amount_mismatch | ₹278,156
2026-03-29 01:54:34,200 | WARNING | ALERT: T0013563 | missing_in_bank | ₹507,940
2026-03-29 01:54:34,200 | WARNING | ALERT: T0018468 | missing_in_bank | ₹131,452
2026-03-29 01:54:34,200 | WARNING | ALERT: T0017540 | duplicate | ₹243,303
2026-03-29 01:54:34,200 | WARNING | ALERT: T0016410 | missing_in_bank | ₹234,748
2026-03-29 01:54:34,200 | WARNING | ALERT: T0009781 | amount_mismatch | ₹178,824
2026-03-29 01:54:34,200 | WARNING | ALERT: T0016317 | missing_in_bank | ₹130,885
2026-03-29 01:54:34,200 | WARNING | ALERT: T0002900 | amount_mismatch | ₹107,548
2026-03-29 01:54:34,200 | WARNING | ALERT: T0000289 | missing_in_bank | ₹691,738
2026-03-29 01:54:34,200 | WARNING | ALERT: T0001365 | amount_mismatch | ₹412,907
2026-03-29 01:54:34,200 | WARNING | ALERT: T0002594 | duplicate | ₹459,710
2026-03-29 01:54:34,200 | WARNING | ALERT: T0016376 | amount_mismatch | ₹400,861
2026-03-29 01:54:34,200 | WARNING | ALERT: T0002680 | amount_mismatch | ₹100,127
2026-03-29 01:54:34,200 | WARNING | ALERT: T0009133 | missing_in_bank | ₹205,239
2026-03-29 01:54:34,200 | WARNING | ALERT: T0019342 | amount_mismatch | ₹770,549
2026-03-29 01:54:34,200 | WARNING | ALERT: T0009438 | amount_mismatch | ₹295,226
2026-03-29 01:54:34,200 | WARNING | ALERT: T0005331 | missing_in_bank | ₹72,826
2026-03-29 01:54:34,241 | INFO | Issues saved → data/issues_report.csv
2026-03-29 01:54:34,241 | INFO | Pipeline complete in 1.5s
2026-03-29 01:54:34,308 | WARNING | GOOGLE_API_KEY missing. GenAIAgent running in MOCK mode.
2026-03-29 01:54:34,308 | INFO | === FinOpsAgent: load_data() ===
2026-03-29 01:54:34,309 | INFO | Loading dataset from data/PS_20174392719_1491204439457_log.csv
2026-03-29 01:54:34,333 | INFO | Dataset loaded: 20,000 rows, 13 columns.
2026-03-29 01:54:34,393 | INFO | Injected 400 missing-in-bank rows.
2026-03-29 01:54:34,646 | INFO | Injected 200 missing-in-ledger rows.
2026-03-29 01:54:34,647 | INFO | Injected 270 amount-mismatch rows.
2026-03-29 01:54:34,648 | INFO | Injected 98 duplicate rows into bank.
2026-03-29 01:54:34,649 | INFO | Injected 181 name-inconsistency rows.
2026-03-29 01:54:34,792 | INFO | Saved internal_ledger.csv and bank_statement.csv.
2026-03-29 01:54:34,796 | INFO | ML flagged 396 anomalies.
2026-03-29 01:54:34,803 | INFO | Ledger: 19,800 rows | Bank: 19,698 rows
2026-03-29 01:54:34,803 | INFO | === FinOpsAgent: reconcile() ===
2026-03-29 01:54:34,844 | INFO | Total issues detected: 12,886
2026-03-29 01:54:34,845 | INFO | === FinOpsAgent: analyze_root_cause() ===
2026-03-29 01:54:34,846 | INFO | Executing GenAI granular analysis for high-impact items...
2026-03-29 01:54:34,848 | INFO | Root-cause analysis complete.
2026-03-29 01:54:34,849 | INFO | === FinOpsAgent: calculate_impact() ===
2026-03-29 01:54:34,854 | INFO | Generating GenAI Closing Narrative...
2026-03-29 01:54:34,868 | INFO | Total variance: ₹2,345,584,723.64
2026-03-29 01:54:34,870 | WARNING | ALERT: T0006683 | duplicate | ₹511,779
2026-03-29 01:54:34,870 | WARNING | ALERT: T0005070 | missing_in_bank | ₹439,939
2026-03-29 01:54:34,870 | WARNING | ALERT: T0014478 | amount_mismatch | ₹50,390
2026-03-29 01:54:34,870 | WARNING | ALERT: T0014625 | amount_mismatch | ₹278,156
2026-03-29 01:54:34,870 | WARNING | ALERT: T0013563 | missing_in_bank | ₹507,940
2026-03-29 01:54:34,870 | WARNING | ALERT: T0018468 | missing_in_bank | ₹131,452
2026-03-29 01:54:34,870 | WARNING | ALERT: T0017540 | duplicate | ₹243,303
2026-03-29 01:54:34,870 | WARNING | ALERT: T0016410 | missing_in_bank | ₹234,748
2026-03-29 01:54:34,870 | WARNING | ALERT: T0009781 | amount_mismatch | ₹178,824
2026-03-29 01:54:34,870 | WARNING | ALERT: T0016317 | missing_in_bank | ₹130,885
2026-03-29 01:54:34,870 | WARNING | ALERT: T0002900 | amount_mismatch | ₹107,548
2026-03-29 01:54:34,870 | WARNING | ALERT: T0000289 | missing_in_bank | ₹691,738
2026-03-29 01:54:34,870 | WARNING | ALERT: T0001365 | amount_mismatch | ₹412,907
2026-03-29 01:54:34,870 | WARNING | ALERT: T0002594 | duplicate | ₹459,710
2026-03-29 01:54:34,870 | WARNING | ALERT: T0016376 | amount_mismatch | ₹400,861
2026-03-29 01:54:34,871 | WARNING | ALERT: T0002680 | amount_mismatch | ₹100,127
2026-03-29 01:54:34,871 | WARNING | ALERT: T0009133 | missing_in_bank | ₹205,239
2026-03-29 01:54:34,871 | WARNING | ALERT: T0019342 | amount_mismatch | ₹770,549
2026-03-29 01:54:34,871 | WARNING | ALERT: T0009438 | amount_mismatch | ₹295,226
2026-03-29 01:54:34,871 | WARNING | ALERT: T0005331 | missing_in_bank | ₹72,826
2026-03-29 01:54:34,888 | INFO | Reconciliation complete. Statuses:
{'matched': 19039, 'missing_in_bank': 400, 'amount_mismatch': 268, 'missing_in_ledger': 199, 'duplicate': 192}
2026-03-29 01:54:34,891 | INFO | === FinOpsAgent: detect_issues() ===
2026-03-29 01:54:34,929 | INFO | Issues saved → data/issues_report.csv
2026-03-29 01:54:34,929 | INFO | Pipeline complete in 1.6s
2026-03-29 01:54:34,930 | INFO | Training Isolation Forest on 19,800 samples …
2026-03-29 01:54:35,112 | INFO | Isolation Forest training complete.
2026-03-29 01:54:35,124 | INFO | Model saved → models/isolation_forest.joblib
2026-03-29 01:54:35,124 | INFO | Scaler saved → models/scaler.joblib
2026-03-29 01:54:35,202 | INFO | ML flagged 396 anomalies.
2026-03-29 01:54:35,215 | INFO | Total issues detected: 12,886
2026-03-29 01:54:35,216 | INFO | === FinOpsAgent: analyze_root_cause() ===
2026-03-29 01:54:35,217 | INFO | Executing GenAI granular analysis for high-impact items...
2026-03-29 01:54:35,218 | INFO | Root-cause analysis complete.
2026-03-29 01:54:35,219 | INFO | === FinOpsAgent: calculate_impact() ===
2026-03-29 01:54:35,221 | INFO | Generating GenAI Closing Narrative...
2026-03-29 01:54:35,223 | INFO | Total variance: ₹2,345,584,723.64
2026-03-29 01:54:35,224 | WARNING | ALERT: T0006683 | duplicate | ₹511,779
2026-03-29 01:54:35,224 | WARNING | ALERT: T0005070 | missing_in_bank | ₹439,939
2026-03-29 01:54:35,224 | WARNING | ALERT: T0014478 | amount_mismatch | ₹50,390
2026-03-29 01:54:35,224 | WARNING | ALERT: T0014625 | amount_mismatch | ₹278,156
2026-03-29 01:54:35,224 | WARNING | ALERT: T0013563 | missing_in_bank | ₹507,940
2026-03-29 01:54:35,224 | WARNING | ALERT: T0018468 | missing_in_bank | ₹131,452
2026-03-29 01:54:35,224 | WARNING | ALERT: T0017540 | duplicate | ₹243,303
2026-03-29 01:54:35,224 | WARNING | ALERT: T0016410 | missing_in_bank | ₹234,748
2026-03-29 01:54:35,224 | WARNING | ALERT: T0009781 | amount_mismatch | ₹178,824
2026-03-29 01:54:35,224 | WARNING | ALERT: T0016317 | missing_in_bank | ₹130,885
2026-03-29 01:54:35,224 | WARNING | ALERT: T0002900 | amount_mismatch | ₹107,548
2026-03-29 01:54:35,224 | WARNING | ALERT: T0000289 | missing_in_bank | ₹691,738
2026-03-29 01:54:35,225 | WARNING | ALERT: T0001365 | amount_mismatch | ₹412,907
2026-03-29 01:54:35,225 | WARNING | ALERT: T0002594 | duplicate | ₹459,710
2026-03-29 01:54:35,225 | WARNING | ALERT: T0016376 | amount_mismatch | ₹400,861
2026-03-29 01:54:35,225 | WARNING | ALERT: T0002680 | amount_mismatch | ₹100,127
2026-03-29 01:54:35,225 | WARNING | ALERT: T0009133 | missing_in_bank | ₹205,239
2026-03-29 01:54:35,225 | WARNING | ALERT: T0019342 | amount_mismatch | ₹770,549
2026-03-29 01:54:35,225 | WARNING | ALERT: T0009438 | amount_mismatch | ₹295,226
2026-03-29 01:54:35,225 | WARNING | ALERT: T0005331 | missing_in_bank | ₹72,826
2026-03-29 01:54:35,300 | INFO | Issues saved → data/issues_report.csv
2026-03-29 01:54:35,300 | INFO | Pipeline complete in 1.0s
2026-03-29 01:54:36,288 | WARNING | GOOGLE_API_KEY missing. GenAIAgent running in MOCK mode.
2026-03-29 01:54:36,288 | INFO | === FinOpsAgent: load_data() ===
2026-03-29 01:54:36,289 | INFO | Loading dataset from data/PS_20174392719_1491204439457_log.csv
2026-03-29 01:54:36,335 | INFO | Dataset loaded: 20,000 rows, 13 columns.
2026-03-29 01:54:36,391 | INFO | Injected 400 missing-in-bank rows.
2026-03-29 01:54:36,636 | INFO | Injected 200 missing-in-ledger rows.
2026-03-29 01:54:36,636 | INFO | Injected 270 amount-mismatch rows.
2026-03-29 01:54:36,637 | INFO | Injected 98 duplicate rows into bank.
2026-03-29 01:54:36,637 | INFO | Injected 181 name-inconsistency rows.
2026-03-29 01:54:36,771 | INFO | Saved internal_ledger.csv and bank_statement.csv.
2026-03-29 01:54:36,774 | INFO | Ledger: 19,800 rows | Bank: 19,698 rows
2026-03-29 01:54:36,774 | INFO | === FinOpsAgent: reconcile() ===
2026-03-29 01:54:36,829 | INFO | Reconciliation complete. Statuses:
{'matched': 19039, 'missing_in_bank': 400, 'amount_mismatch': 268, 'missing_in_ledger': 199, 'duplicate': 192}
2026-03-29 01:54:36,833 | INFO | === FinOpsAgent: detect_issues() ===
2026-03-29 01:54:36,842 | INFO | Training Isolation Forest on 19,800 samples …
2026-03-29 01:54:36,975 | INFO | Isolation Forest training complete.
2026-03-29 01:54:36,990 | INFO | Model saved → models/isolation_forest.joblib
2026-03-29 01:54:36,990 | INFO | Scaler saved → models/scaler.joblib
2026-03-29 01:54:37,067 | INFO | ML flagged 396 anomalies.
2026-03-29 01:54:37,080 | INFO | Total issues detected: 12,886
2026-03-29 01:54:37,081 | INFO | === FinOpsAgent: analyze_root_cause() ===
2026-03-29 01:54:37,082 | INFO | Executing GenAI granular analysis for high-impact items...
2026-03-29 01:54:37,083 | INFO | Root-cause analysis complete.
2026-03-29 01:54:37,083 | INFO | === FinOpsAgent: calculate_impact() ===
2026-03-29 01:54:37,086 | INFO | Generating GenAI Closing Narrative...
2026-03-29 01:54:37,088 | INFO | Total variance: ₹2,345,584,723.64
2026-03-29 01:54:37,089 | WARNING | ALERT: T0006683 | duplicate | ₹511,779
2026-03-29 01:54:37,089 | WARNING | ALERT: T0005070 | missing_in_bank | ₹439,939
2026-03-29 01:54:37,089 | WARNING | ALERT: T0014478 | amount_mismatch | ₹50,390
2026-03-29 01:54:37,089 | WARNING | ALERT: T0014625 | amount_mismatch | ₹278,156
2026-03-29 01:54:37,089 | WARNING | ALERT: T0013563 | missing_in_bank | ₹507,940
2026-03-29 01:54:37,089 | WARNING | ALERT: T0018468 | missing_in_bank | ₹131,452
2026-03-29 01:54:37,089 | WARNING | ALERT: T0017540 | duplicate | ₹243,303
2026-03-29 01:54:37,089 | WARNING | ALERT: T0016410 | missing_in_bank | ₹234,748
2026-03-29 01:54:37,089 | WARNING | ALERT: T0009781 | amount_mismatch | ₹178,824
2026-03-29 01:54:37,089 | WARNING | ALERT: T0016317 | missing_in_bank | ₹130,885
2026-03-29 01:54:37,089 | WARNING | ALERT: T0002900 | amount_mismatch | ₹107,548
2026-03-29 01:54:37,089 | WARNING | ALERT: T0000289 | missing_in_bank | ₹691,738
2026-03-29 01:54:37,089 | WARNING | ALERT: T0001365 | amount_mismatch | ₹412,907
2026-03-29 01:54:37,089 | WARNING | ALERT: T0002594 | duplicate | ₹459,710
2026-03-29 01:54:37,089 | WARNING | ALERT: T0016376 | amount_mismatch | ₹400,861
2026-03-29 01:54:37,089 | WARNING | ALERT: T0002680 | amount_mismatch | ₹100,127
2026-03-29 01:54:37,089 | WARNING | ALERT: T0009133 | missing_in_bank | ₹205,239
2026-03-29 01:54:37,089 | WARNING | ALERT: T0019342 | amount_mismatch | ₹770,549
2026-03-29 01:54:37,089 | WARNING | ALERT: T0009438 | amount_mismatch | ₹295,226
2026-03-29 01:54:37,090 | WARNING | ALERT: T0005331 | missing_in_bank | ₹72,826
2026-03-29 01:54:37,128 | INFO | Issues saved → data/issues_report.csv
2026-03-29 01:54:37,128 | INFO | Pipeline complete in 0.8s
2026-03-29 01:54:37,462 | WARNING | GOOGLE_API_KEY missing. GenAIAgent running in MOCK mode.
2026-03-29 01:54:37,462 | INFO | === FinOpsAgent: load_data() ===
2026-03-29 01:54:37,462 | INFO | Loading dataset from data/PS_20174392719_1491204439457_log.csv
2026-03-29 01:54:37,494 | INFO | Dataset loaded: 20,000 rows, 13 columns.
2026-03-29 01:54:37,541 | INFO | Injected 400 missing-in-bank rows.
2026-03-29 01:54:37,795 | INFO | Injected 200 missing-in-ledger rows.
2026-03-29 01:54:37,796 | INFO | Injected 270 amount-mismatch rows.
2026-03-29 01:54:37,796 | INFO | Injected 98 duplicate rows into bank.
2026-03-29 01:54:37,797 | INFO | Injected 181 name-inconsistency rows.
2026-03-29 01:54:37,933 | INFO | Saved internal_ledger.csv and bank_statement.csv.
2026-03-29 01:54:37,935 | INFO | Ledger: 19,800 rows | Bank: 19,698 rows
2026-03-29 01:54:37,936 | INFO | === FinOpsAgent: reconcile() ===
2026-03-29 01:54:37,992 | INFO | Reconciliation complete. Statuses:
{'matched': 19039, 'missing_in_bank': 400, 'amount_mismatch': 268, 'missing_in_ledger': 199, 'duplicate': 192}
2026-03-29 01:54:37,995 | INFO | === FinOpsAgent: detect_issues() ===
2026-03-29 01:54:38,004 | INFO | Training Isolation Forest on 19,800 samples …
2026-03-29 01:54:38,139 | INFO | Isolation Forest training complete.
2026-03-29 01:54:38,153 | INFO | Model saved → models/isolation_forest.joblib
2026-03-29 01:54:38,153 | INFO | Scaler saved → models/scaler.joblib
2026-03-29 01:54:38,231 | INFO | ML flagged 396 anomalies.
2026-03-29 01:54:38,244 | INFO | Total issues detected: 12,886
2026-03-29 01:54:38,245 | INFO | === FinOpsAgent: analyze_root_cause() ===
2026-03-29 01:54:38,246 | INFO | Executing GenAI granular analysis for high-impact items...
2026-03-29 01:54:38,247 | INFO | Root-cause analysis complete.
2026-03-29 01:54:38,248 | INFO | === FinOpsAgent: calculate_impact() ===
2026-03-29 01:54:38,250 | INFO | Generating GenAI Closing Narrative...
2026-03-29 01:54:38,252 | INFO | Total variance: ₹2,345,584,723.64
2026-03-29 01:54:38,253 | WARNING | ALERT: T0006683 | duplicate | ₹511,779
2026-03-29 01:54:38,253 | WARNING | ALERT: T0005070 | missing_in_bank | ₹439,939
2026-03-29 01:54:38,253 | WARNING | ALERT: T0014478 | amount_mismatch | ₹50,390
2026-03-29 01:54:38,253 | WARNING | ALERT: T0014625 | amount_mismatch | ₹278,156
2026-03-29 01:54:38,253 | WARNING | ALERT: T0013563 | missing_in_bank | ₹507,940
2026-03-29 01:54:38,253 | WARNING | ALERT: T0018468 | missing_in_bank | ₹131,452
2026-03-29 01:54:38,253 | WARNING | ALERT: T0017540 | duplicate | ₹243,303
2026-03-29 01:54:38,253 | WARNING | ALERT: T0016410 | missing_in_bank | ₹234,748
2026-03-29 01:54:38,253 | WARNING | ALERT: T0009781 | amount_mismatch | ₹178,824
2026-03-29 01:54:38,253 | WARNING | ALERT: T0016317 | missing_in_bank | ₹130,885
2026-03-29 01:54:38,253 | WARNING | ALERT: T0002900 | amount_mismatch | ₹107,548
2026-03-29 01:54:38,253 | WARNING | ALERT: T0000289 | missing_in_bank | ₹691,738
2026-03-29 01:54:38,253 | WARNING | ALERT: T0001365 | amount_mismatch | ₹412,907
2026-03-29 01:54:38,254 | WARNING | ALERT: T0002594 | duplicate | ₹459,710
2026-03-29 01:54:38,254 | WARNING | ALERT: T0016376 | amount_mismatch | ₹400,861
2026-03-29 01:54:38,254 | WARNING | ALERT: T0002680 | amount_mismatch | ₹100,127
2026-03-29 01:54:38,254 | WARNING | ALERT: T0009133 | missing_in_bank | ₹205,239
2026-03-29 01:54:38,254 | WARNING | ALERT: T0019342 | amount_mismatch | ₹770,549
2026-03-29 01:54:38,254 | WARNING | ALERT: T0009438 | amount_mismatch | ₹295,226
2026-03-29 01:54:38,254 | WARNING | ALERT: T0005331 | missing_in_bank | ₹72,826
2026-03-29 01:54:38,293 | INFO | Issues saved → data/issues_report.csv
2026-03-29 01:54:38,294 | INFO | Pipeline complete in 0.8s
2026-03-29 11:39:39,680 | WARNING | GOOGLE_API_KEY missing. GenAIAgent running in MOCK mode.
2026-03-29 11:39:39,680 | INFO | === FinOpsAgent: load_data() ===
2026-03-29 11:39:39,680 | INFO | Loading dataset from data/PS_20174392719_1491204439457_log.csv
2026-03-29 11:39:39,702 | INFO | Dataset loaded: 20,000 rows, 13 columns.
2026-03-29 11:39:39,751 | INFO | Injected 400 missing-in-bank rows.
2026-03-29 11:39:39,985 | INFO | Injected 200 missing-in-ledger rows.
2026-03-29 11:39:39,986 | INFO | Injected 270 amount-mismatch rows.
2026-03-29 11:39:39,987 | INFO | Injected 98 duplicate rows into bank.
2026-03-29 11:39:39,989 | INFO | Injected 181 name-inconsistency rows.
2026-03-29 11:39:40,138 | INFO | Saved internal_ledger.csv and bank_statement.csv.
2026-03-29 11:39:40,141 | INFO | Ledger: 19,800 rows | Bank: 19,698 rows
2026-03-29 11:39:40,141 | INFO | === FinOpsAgent: reconcile() ===
2026-03-29 11:39:40,203 | INFO | Reconciliation complete. Statuses:
{'matched': 19039, 'missing_in_bank': 400, 'amount_mismatch': 268, 'missing_in_ledger': 199, 'duplicate': 192}
2026-03-29 11:39:40,205 | INFO | === FinOpsAgent: detect_issues() ===
2026-03-29 11:39:40,214 | INFO | Training Isolation Forest on 19,800 samples …
2026-03-29 11:39:40,339 | INFO | Isolation Forest training complete.
2026-03-29 11:39:40,353 | INFO | Model saved → models/isolation_forest.joblib
2026-03-29 11:39:40,353 | INFO | Scaler saved → models/scaler.joblib
2026-03-29 11:39:40,432 | INFO | ML flagged 396 anomalies.
2026-03-29 11:39:40,446 | INFO | Total issues detected: 12,886
2026-03-29 11:39:40,447 | INFO | === FinOpsAgent: analyze_root_cause() ===
2026-03-29 11:39:40,447 | INFO | Executing GenAI granular analysis for high-impact items...
2026-03-29 11:39:40,449 | INFO | Root-cause analysis complete.
2026-03-29 11:39:40,449 | INFO | === FinOpsAgent: calculate_impact() ===
2026-03-29 11:39:40,452 | INFO | Generating GenAI Closing Narrative...
2026-03-29 11:39:40,454 | INFO | Total variance: ₹2,345,584,723.64
2026-03-29 11:39:40,455 | WARNING | ALERT: T0006615 | missing_in_bank | ₹273,121
2026-03-29 11:39:40,455 | WARNING | ALERT: T0018625 | missing_in_bank | ₹576,923
2026-03-29 11:39:40,455 | WARNING | ALERT: T0014367 | missing_in_bank | ₹318,349
2026-03-29 11:39:40,456 | WARNING | ALERT: T0011285 | missing_in_bank | ₹299,998
2026-03-29 11:39:40,456 | WARNING | ALERT: T0000151 | duplicate | ₹82,686
2026-03-29 11:39:40,456 | WARNING | ALERT: T0019210 | amount_mismatch | ₹174,822
2026-03-29 11:39:40,456 | WARNING | ALERT: T0008086 | missing_in_bank | ₹391,811
2026-03-29 11:39:40,456 | WARNING | ALERT: T0002304 | amount_mismatch | ₹200,612
2026-03-29 11:39:40,456 | WARNING | ALERT: T0018885 | amount_mismatch | ₹147,444
2026-03-29 11:39:40,456 | WARNING | ALERT: T0000411 | missing_in_bank | ₹764,773
2026-03-29 11:39:40,456 | WARNING | ALERT: T0016211 | amount_mismatch | ₹918,048
2026-03-29 11:39:40,456 | WARNING | ALERT: T0007962 | amount_mismatch | ₹295,475
2026-03-29 11:39:40,456 | WARNING | ALERT: T0017995 | amount_mismatch | ₹64,427
2026-03-29 11:39:40,456 | WARNING | ALERT: T0005331 | missing_in_bank | ₹72,826
2026-03-29 11:39:40,456 | WARNING | ALERT: T0015677 | amount_mismatch | ₹65,511
2026-03-29 11:39:40,456 | WARNING | ALERT: T0013947 | amount_mismatch | ₹283,595
2026-03-29 11:39:40,456 | WARNING | ALERT: T0018457 | amount_mismatch | ₹192,726
2026-03-29 11:39:40,456 | WARNING | ALERT: T0019540 | amount_mismatch | ₹186,015
2026-03-29 11:39:40,456 | WARNING | ALERT: T0008620 | duplicate | ₹445,806
2026-03-29 11:39:40,456 | WARNING | ALERT: T0004026 | missing_in_bank | ₹79,516
2026-03-29 11:39:40,497 | INFO | Issues saved → data/issues_report.csv
2026-03-29 11:39:40,497 | INFO | Pipeline complete in 0.8s
2026-03-29 11:39:51,915 | WARNING | GOOGLE_API_KEY missing. GenAIAgent running in MOCK mode.
2026-03-29 11:39:51,915 | INFO | === FinOpsAgent: load_data() ===
2026-03-29 11:39:51,916 | INFO | Loading dataset from data/PS_20174392719_1491204439457_log.csv
2026-03-29 11:39:51,961 | INFO | Dataset loaded: 20,000 rows, 13 columns.
2026-03-29 11:39:52,011 | INFO | Injected 400 missing-in-bank rows.
2026-03-29 11:39:52,249 | INFO | Injected 200 missing-in-ledger rows.
2026-03-29 11:39:52,249 | INFO | Injected 270 amount-mismatch rows.
2026-03-29 11:39:52,250 | INFO | Injected 98 duplicate rows into bank.
2026-03-29 11:39:52,251 | INFO | Injected 181 name-inconsistency rows.
2026-03-29 11:39:52,385 | INFO | Saved internal_ledger.csv and bank_statement.csv.
2026-03-29 11:39:52,387 | INFO | Ledger: 19,800 rows | Bank: 19,698 rows
2026-03-29 11:39:52,387 | INFO | === FinOpsAgent: reconcile() ===
2026-03-29 11:39:52,441 | INFO | Reconciliation complete. Statuses:
{'matched': 19039, 'missing_in_bank': 400, 'amount_mismatch': 268, 'missing_in_ledger': 199, 'duplicate': 192}
2026-03-29 11:39:52,444 | INFO | === FinOpsAgent: detect_issues() ===
2026-03-29 11:39:52,453 | INFO | Training Isolation Forest on 19,800 samples …
2026-03-29 11:39:52,562 | INFO | Isolation Forest training complete.
2026-03-29 11:39:52,577 | INFO | Model saved → models/isolation_forest.joblib
2026-03-29 11:39:52,577 | INFO | Scaler saved → models/scaler.joblib
2026-03-29 11:39:52,653 | INFO | ML flagged 396 anomalies.
2026-03-29 11:39:52,666 | INFO | Total issues detected: 12,886
2026-03-29 11:39:52,667 | INFO | === FinOpsAgent: analyze_root_cause() ===
2026-03-29 11:39:52,667 | INFO | Executing GenAI granular analysis for high-impact items...
2026-03-29 11:39:52,669 | INFO | Root-cause analysis complete.
2026-03-29 11:39:52,669 | INFO | === FinOpsAgent: calculate_impact() ===
2026-03-29 11:39:52,671 | INFO | Generating GenAI Closing Narrative...
2026-03-29 11:39:52,673 | INFO | Total variance: ₹2,345,584,723.64
2026-03-29 11:39:52,674 | WARNING | ALERT: T0006615 | missing_in_bank | ₹273,121
2026-03-29 11:39:52,674 | WARNING | ALERT: T0018625 | missing_in_bank | ₹576,923
2026-03-29 11:39:52,674 | WARNING | ALERT: T0014367 | missing_in_bank | ₹318,349
2026-03-29 11:39:52,674 | WARNING | ALERT: T0011285 | missing_in_bank | ₹299,998
2026-03-29 11:39:52,674 | WARNING | ALERT: T0000151 | duplicate | ₹82,686
2026-03-29 11:39:52,674 | WARNING | ALERT: T0019210 | amount_mismatch | ₹174,822
2026-03-29 11:39:52,674 | WARNING | ALERT: T0008086 | missing_in_bank | ₹391,811
2026-03-29 11:39:52,674 | WARNING | ALERT: T0002304 | amount_mismatch | ₹200,612
2026-03-29 11:39:52,674 | WARNING | ALERT: T0018885 | amount_mismatch | ₹147,444
2026-03-29 11:39:52,674 | WARNING | ALERT: T0000411 | missing_in_bank | ₹764,773
2026-03-29 11:39:52,674 | WARNING | ALERT: T0016211 | amount_mismatch | ₹918,048
2026-03-29 11:39:52,674 | WARNING | ALERT: T0007962 | amount_mismatch | ₹295,475
2026-03-29 11:39:52,675 | WARNING | ALERT: T0017995 | amount_mismatch | ₹64,427
2026-03-29 11:39:52,675 | WARNING | ALERT: T0005331 | missing_in_bank | ₹72,826
2026-03-29 11:39:52,675 | WARNING | ALERT: T0015677 | amount_mismatch | ₹65,511
2026-03-29 11:39:52,675 | WARNING | ALERT: T0013947 | amount_mismatch | ₹283,595
2026-03-29 11:39:52,675 | WARNING | ALERT: T0018457 | amount_mismatch | ₹192,726
2026-03-29 11:39:52,675 | WARNING | ALERT: T0019540 | amount_mismatch | ₹186,015
2026-03-29 11:39:52,675 | WARNING | ALERT: T0008620 | duplicate | ₹445,806
2026-03-29 11:39:52,675 | WARNING | ALERT: T0004026 | missing_in_bank | ₹79,516
2026-03-29 11:39:52,714 | INFO | Issues saved → data/issues_report.csv
2026-03-29 11:39:52,714 | INFO | Pipeline complete in 0.8s
2026-03-29 11:40:13,918 | WARNING | GOOGLE_API_KEY missing. GenAIAgent running in MOCK mode.
2026-03-29 11:40:13,918 | INFO | === FinOpsAgent: load_data() ===
2026-03-29 11:40:13,919 | INFO | Loading dataset from data/PS_20174392719_1491204439457_log.csv
2026-03-29 11:40:13,973 | INFO | Dataset loaded: 20,000 rows, 13 columns.
2026-03-29 11:40:14,021 | INFO | Injected 400 missing-in-bank rows.
2026-03-29 11:40:14,253 | INFO | Injected 200 missing-in-ledger rows.
2026-03-29 11:40:14,253 | INFO | Injected 270 amount-mismatch rows.
2026-03-29 11:40:14,254 | INFO | Injected 98 duplicate rows into bank.
2026-03-29 11:40:14,255 | INFO | Injected 181 name-inconsistency rows.
2026-03-29 11:40:14,395 | INFO | Saved internal_ledger.csv and bank_statement.csv.
2026-03-29 11:40:14,399 | INFO | Ledger: 19,800 rows | Bank: 19,698 rows
2026-03-29 11:40:14,400 | INFO | === FinOpsAgent: reconcile() ===
2026-03-29 11:40:14,458 | INFO | Reconciliation complete. Statuses:
{'matched': 19039, 'missing_in_bank': 400, 'amount_mismatch': 268, 'missing_in_ledger': 199, 'duplicate': 192}
2026-03-29 11:40:14,461 | INFO | === FinOpsAgent: detect_issues() ===
2026-03-29 11:40:14,471 | INFO | Training Isolation Forest on 19,800 samples …
2026-03-29 11:40:14,580 | INFO | Isolation Forest training complete.
2026-03-29 11:40:14,594 | INFO | Model saved → models/isolation_forest.joblib
2026-03-29 11:40:14,594 | INFO | Scaler saved → models/scaler.joblib
2026-03-29 11:40:14,671 | INFO | ML flagged 396 anomalies.
2026-03-29 11:40:14,685 | INFO | Total issues detected: 12,886
2026-03-29 11:40:14,685 | INFO | === FinOpsAgent: analyze_root_cause() ===
2026-03-29 11:40:14,686 | INFO | Executing GenAI granular analysis for high-impact items...
2026-03-29 11:40:14,688 | INFO | Root-cause analysis complete.
2026-03-29 11:40:14,688 | INFO | === FinOpsAgent: calculate_impact() ===
2026-03-29 11:40:14,690 | INFO | Generating GenAI Closing Narrative...
2026-03-29 11:40:14,692 | INFO | Total variance: ₹2,345,584,723.64
2026-03-29 11:40:14,693 | WARNING | ALERT: T0006615 | missing_in_bank | ₹273,121
2026-03-29 11:40:14,693 | WARNING | ALERT: T0018625 | missing_in_bank | ₹576,923
2026-03-29 11:40:14,693 | WARNING | ALERT: T0014367 | missing_in_bank | ₹318,349
2026-03-29 11:40:14,693 | WARNING | ALERT: T0011285 | missing_in_bank | ₹299,998
2026-03-29 11:40:14,693 | WARNING | ALERT: T0000151 | duplicate | ₹82,686
2026-03-29 11:40:14,693 | WARNING | ALERT: T0019210 | amount_mismatch | ₹174,822
2026-03-29 11:40:14,693 | WARNING | ALERT: T0008086 | missing_in_bank | ₹391,811
2026-03-29 11:40:14,693 | WARNING | ALERT: T0002304 | amount_mismatch | ₹200,612
2026-03-29 11:40:14,693 | WARNING | ALERT: T0018885 | amount_mismatch | ₹147,444
2026-03-29 11:40:14,693 | WARNING | ALERT: T0000411 | missing_in_bank | ₹764,773
2026-03-29 11:40:14,693 | WARNING | ALERT: T0016211 | amount_mismatch | ₹918,048
2026-03-29 11:40:14,693 | WARNING | ALERT: T0007962 | amount_mismatch | ₹295,475
2026-03-29 11:40:14,693 | WARNING | ALERT: T0017995 | amount_mismatch | ₹64,427
2026-03-29 11:40:14,693 | WARNING | ALERT: T0005331 | missing_in_bank | ₹72,826
2026-03-29 11:40:14,693 | WARNING | ALERT: T0015677 | amount_mismatch | ₹65,511
2026-03-29 11:40:14,693 | WARNING | ALERT: T0013947 | amount_mismatch | ₹283,595
2026-03-29 11:40:14,693 | WARNING | ALERT: T0018457 | amount_mismatch | ₹192,726
2026-03-29 11:40:14,694 | WARNING | ALERT: T0019540 | amount_mismatch | ₹186,015
2026-03-29 11:40:14,694 | WARNING | ALERT: T0008620 | duplicate | ₹445,806
2026-03-29 11:40:14,694 | WARNING | ALERT: T0004026 | missing_in_bank | ₹79,516
2026-03-29 11:40:14,733 | INFO | Issues saved → data/issues_report.csv
2026-03-29 11:40:14,733 | INFO | Pipeline complete in 0.8s
2026-03-29 11:40:23,603 | WARNING | GOOGLE_API_KEY missing. GenAIAgent running in MOCK mode.
2026-03-29 11:40:23,603 | INFO | === FinOpsAgent: load_data() ===
2026-03-29 11:40:23,603 | INFO | Loading dataset from data/PS_20174392719_1491204439457_log.csv
2026-03-29 11:40:23,645 | INFO | Dataset loaded: 20,000 rows, 13 columns.
2026-03-29 11:40:23,696 | INFO | Injected 400 missing-in-bank rows.
2026-03-29 11:40:23,933 | INFO | Injected 200 missing-in-ledger rows.
2026-03-29 11:40:23,934 | INFO | Injected 270 amount-mismatch rows.
2026-03-29 11:40:23,934 | INFO | Injected 98 duplicate rows into bank.
2026-03-29 11:40:23,935 | INFO | Injected 181 name-inconsistency rows.
2026-03-29 11:40:24,067 | INFO | Saved internal_ledger.csv and bank_statement.csv.
2026-03-29 11:40:24,069 | INFO | Ledger: 19,800 rows | Bank: 19,698 rows
2026-03-29 11:40:24,069 | INFO | === FinOpsAgent: reconcile() ===
2026-03-29 11:40:24,122 | INFO | Reconciliation complete. Statuses:
{'matched': 19039, 'missing_in_bank': 400, 'amount_mismatch': 268, 'missing_in_ledger': 199, 'duplicate': 192}
2026-03-29 11:40:24,124 | INFO | === FinOpsAgent: detect_issues() ===
2026-03-29 11:40:24,132 | INFO | Training Isolation Forest on 19,800 samples …
2026-03-29 11:40:24,256 | INFO | Isolation Forest training complete.
2026-03-29 11:40:24,271 | INFO | Model saved → models/isolation_forest.joblib
2026-03-29 11:40:24,271 | INFO | Scaler saved → models/scaler.joblib
2026-03-29 11:40:24,352 | INFO | ML flagged 396 anomalies.
2026-03-29 11:40:24,365 | INFO | Total issues detected: 12,886
2026-03-29 11:40:24,366 | INFO | === FinOpsAgent: analyze_root_cause() ===
2026-03-29 11:40:24,367 | INFO | Executing GenAI granular analysis for high-impact items...
2026-03-29 11:40:24,368 | INFO | Root-cause analysis complete.
2026-03-29 11:40:24,368 | INFO | === FinOpsAgent: calculate_impact() ===
2026-03-29 11:40:24,371 | INFO | Generating GenAI Closing Narrative...
2026-03-29 11:40:24,372 | INFO | Total variance: ₹2,345,584,723.64
2026-03-29 11:40:24,373 | WARNING | ALERT: T0006615 | missing_in_bank | ₹273,121
2026-03-29 11:40:24,373 | WARNING | ALERT: T0018625 | missing_in_bank | ₹576,923
2026-03-29 11:40:24,374 | WARNING | ALERT: T0014367 | missing_in_bank | ₹318,349
2026-03-29 11:40:24,374 | WARNING | ALERT: T0011285 | missing_in_bank | ₹299,998
2026-03-29 11:40:24,374 | WARNING | ALERT: T0000151 | duplicate | ₹82,686
2026-03-29 11:40:24,374 | WARNING | ALERT: T0019210 | amount_mismatch | ₹174,822
2026-03-29 11:40:24,374 | WARNING | ALERT: T0008086 | missing_in_bank | ₹391,811
2026-03-29 11:40:24,374 | WARNING | ALERT: T0002304 | amount_mismatch | ₹200,612
2026-03-29 11:40:24,374 | WARNING | ALERT: T0018885 | amount_mismatch | ₹147,444
2026-03-29 11:40:24,374 | WARNING | ALERT: T0000411 | missing_in_bank | ₹764,773
2026-03-29 11:40:24,374 | WARNING | ALERT: T0016211 | amount_mismatch | ₹918,048
2026-03-29 11:40:24,374 | WARNING | ALERT: T0007962 | amount_mismatch | ₹295,475
2026-03-29 11:40:24,374 | WARNING | ALERT: T0017995 | amount_mismatch | ₹64,427
2026-03-29 11:40:24,374 | WARNING | ALERT: T0005331 | missing_in_bank | ₹72,826
2026-03-29 11:40:24,374 | WARNING | ALERT: T0015677 | amount_mismatch | ₹65,511
2026-03-29 11:40:24,374 | WARNING | ALERT: T0013947 | amount_mismatch | ₹283,595
2026-03-29 11:40:24,374 | WARNING | ALERT: T0018457 | amount_mismatch | ₹192,726
2026-03-29 11:40:24,374 | WARNING | ALERT: T0019540 | amount_mismatch | ₹186,015
2026-03-29 11:40:24,374 | WARNING | ALERT: T0008620 | duplicate | ₹445,806
2026-03-29 11:40:24,374 | WARNING | ALERT: T0004026 | missing_in_bank | ₹79,516
2026-03-29 11:40:24,414 | INFO | Issues saved → data/issues_report.csv
2026-03-29 11:40:24,414 | INFO | Pipeline complete in 0.8s
2026-03-29 11:40:34,916 | WARNING | GOOGLE_API_KEY missing. GenAIAgent running in MOCK mode.
2026-03-29 11:40:34,917 | INFO | === FinOpsAgent: load_data() ===
2026-03-29 11:40:34,917 | INFO | Loading dataset from data/PS_20174392719_1491204439457_log.csv
2026-03-29 11:40:34,963 | INFO | Dataset loaded: 20,000 rows, 13 columns.
2026-03-29 11:40:35,014 | INFO | Injected 400 missing-in-bank rows.
2026-03-29 11:40:35,123 | WARNING | GOOGLE_API_KEY missing. GenAIAgent running in MOCK mode.
2026-03-29 11:40:35,147 | INFO | === FinOpsAgent: load_data() ===
2026-03-29 11:40:35,160 | INFO | Loading dataset from data/PS_20174392719_1491204439457_log.csv
2026-03-29 11:40:35,270 | INFO | Injected 200 missing-in-ledger rows.
2026-03-29 11:40:35,273 | INFO | Injected 270 amount-mismatch rows.
2026-03-29 11:40:35,274 | INFO | Injected 98 duplicate rows into bank.
2026-03-29 11:40:35,275 | INFO | Injected 181 name-inconsistency rows.
2026-03-29 11:40:35,297 | INFO | Dataset loaded: 20,000 rows, 13 columns.
2026-03-29 11:40:35,384 | INFO | Injected 400 missing-in-bank rows.
2026-03-29 11:40:35,661 | INFO | Injected 200 missing-in-ledger rows.
2026-03-29 11:40:35,669 | INFO | Injected 270 amount-mismatch rows.
2026-03-29 11:40:35,672 | INFO | Injected 98 duplicate rows into bank.
2026-03-29 11:40:35,688 | INFO | Injected 181 name-inconsistency rows.
2026-03-29 11:40:35,727 | INFO | Saved internal_ledger.csv and bank_statement.csv.
2026-03-29 11:40:35,754 | INFO | Ledger: 19,800 rows | Bank: 19,698 rows
2026-03-29 11:40:35,754 | INFO | === FinOpsAgent: reconcile() ===
2026-03-29 11:40:35,912 | INFO | Saved internal_ledger.csv and bank_statement.csv.
2026-03-29 11:40:35,913 | INFO | Reconciliation complete. Statuses:
{'matched': 19039, 'missing_in_bank': 400, 'amount_mismatch': 268, 'missing_in_ledger': 199, 'duplicate': 192}
2026-03-29 11:40:35,916 | INFO | === FinOpsAgent: detect_issues() ===
2026-03-29 11:40:35,919 | INFO | Ledger: 19,800 rows | Bank: 19,698 rows
2026-03-29 11:40:35,919 | INFO | === FinOpsAgent: reconcile() ===
2026-03-29 11:40:35,965 | INFO | Training Isolation Forest on 19,800 samples …
2026-03-29 11:40:36,054 | INFO | Reconciliation complete. Statuses:
{'matched': 19039, 'missing_in_bank': 400, 'amount_mismatch': 268, 'missing_in_ledger': 199, 'duplicate': 192}
2026-03-29 11:40:36,057 | INFO | === FinOpsAgent: detect_issues() ===
2026-03-29 11:40:36,068 | INFO | Training Isolation Forest on 19,800 samples …
2026-03-29 11:40:36,172 | INFO | Isolation Forest training complete.
2026-03-29 11:40:36,190 | INFO | Model saved → models/isolation_forest.joblib
2026-03-29 11:40:36,190 | INFO | Scaler saved → models/scaler.joblib
2026-03-29 11:40:36,201 | INFO | Isolation Forest training complete.
2026-03-29 11:40:36,218 | INFO | Model saved → models/isolation_forest.joblib
2026-03-29 11:40:36,218 | INFO | Scaler saved → models/scaler.joblib
2026-03-29 11:40:36,284 | INFO | ML flagged 396 anomalies.
2026-03-29 11:40:36,298 | INFO | Total issues detected: 12,886
2026-03-29 11:40:36,298 | INFO | === FinOpsAgent: analyze_root_cause() ===
2026-03-29 11:40:36,299 | INFO | Executing GenAI granular analysis for high-impact items...
2026-03-29 11:40:36,301 | INFO | Root-cause analysis complete.
2026-03-29 11:40:36,301 | INFO | === FinOpsAgent: calculate_impact() ===
2026-03-29 11:40:36,303 | INFO | Generating GenAI Closing Narrative...
2026-03-29 11:40:36,305 | INFO | Total variance: ₹2,345,584,723.64
2026-03-29 11:40:36,306 | WARNING | ALERT: T0006615 | missing_in_bank | ₹273,121
2026-03-29 11:40:36,306 | WARNING | ALERT: T0018625 | missing_in_bank | ₹576,923
2026-03-29 11:40:36,306 | WARNING | ALERT: T0014367 | missing_in_bank | ₹318,349
2026-03-29 11:40:36,307 | WARNING | ALERT: T0011285 | missing_in_bank | ₹299,998
2026-03-29 11:40:36,307 | WARNING | ALERT: T0000151 | duplicate | ₹82,686
2026-03-29 11:40:36,307 | WARNING | ALERT: T0019210 | amount_mismatch | ₹174,822
2026-03-29 11:40:36,307 | WARNING | ALERT: T0008086 | missing_in_bank | ₹391,811
2026-03-29 11:40:36,307 | WARNING | ALERT: T0002304 | amount_mismatch | ₹200,612
2026-03-29 11:40:36,307 | WARNING | ALERT: T0018885 | amount_mismatch | ₹147,444
2026-03-29 11:40:36,307 | WARNING | ALERT: T0000411 | missing_in_bank | ₹764,773
2026-03-29 11:40:36,307 | WARNING | ALERT: T0016211 | amount_mismatch | ₹918,048
2026-03-29 11:40:36,307 | WARNING | ALERT: T0007962 | amount_mismatch | ₹295,475
2026-03-29 11:40:36,307 | WARNING | ALERT: T0017995 | amount_mismatch | ₹64,427
2026-03-29 11:40:36,307 | WARNING | ALERT: T0005331 | missing_in_bank | ₹72,826
2026-03-29 11:40:36,307 | WARNING | ALERT: T0015677 | amount_mismatch | ₹65,511
2026-03-29 11:40:36,307 | WARNING | ALERT: T0013947 | amount_mismatch | ₹283,595
2026-03-29 11:40:36,307 | WARNING | ALERT: T0018457 | amount_mismatch | ₹192,726
2026-03-29 11:40:36,307 | WARNING | ALERT: T0019540 | amount_mismatch | ₹186,015
2026-03-29 11:40:36,307 | WARNING | ALERT: T0008620 | duplicate | ₹445,806
2026-03-29 11:40:36,307 | WARNING | ALERT: T0004026 | missing_in_bank | ₹79,516
2026-03-29 11:40:36,349 | INFO | Issues saved → data/issues_report.csv
2026-03-29 11:40:36,349 | INFO | Pipeline complete in 1.4s
2026-03-29 11:40:36,418 | INFO | ML flagged 396 anomalies.
2026-03-29 11:40:36,432 | INFO | Total issues detected: 12,886
2026-03-29 11:40:36,433 | INFO | === FinOpsAgent: analyze_root_cause() ===
2026-03-29 11:40:36,433 | INFO | Executing GenAI granular analysis for high-impact items...
2026-03-29 11:40:36,435 | INFO | Root-cause analysis complete.
2026-03-29 11:40:36,435 | INFO | === FinOpsAgent: calculate_impact() ===
2026-03-29 11:40:36,437 | INFO | Generating GenAI Closing Narrative...
2026-03-29 11:40:36,439 | INFO | Total variance: ₹2,345,584,723.64
2026-03-29 11:40:36,440 | WARNING | ALERT: T0006615 | missing_in_bank | ₹273,121
2026-03-29 11:40:36,440 | WARNING | ALERT: T0018625 | missing_in_bank | ₹576,923
2026-03-29 11:40:36,440 | WARNING | ALERT: T0014367 | missing_in_bank | ₹318,349
2026-03-29 11:40:36,440 | WARNING | ALERT: T0011285 | missing_in_bank | ₹299,998
2026-03-29 11:40:36,440 | WARNING | ALERT: T0000151 | duplicate | ₹82,686
2026-03-29 11:40:36,440 | WARNING | ALERT: T0019210 | amount_mismatch | ₹174,822
2026-03-29 11:40:36,440 | WARNING | ALERT: T0008086 | missing_in_bank | ₹391,811
2026-03-29 11:40:36,440 | WARNING | ALERT: T0002304 | amount_mismatch | ₹200,612
2026-03-29 11:40:36,441 | WARNING | ALERT: T0018885 | amount_mismatch | ₹147,444
2026-03-29 11:40:36,441 | WARNING | ALERT: T0000411 | missing_in_bank | ₹764,773
2026-03-29 11:40:36,441 | WARNING | ALERT: T0016211 | amount_mismatch | ₹918,048
2026-03-29 11:40:36,441 | WARNING | ALERT: T0007962 | amount_mismatch | ₹295,475
2026-03-29 11:40:36,441 | WARNING | ALERT: T0017995 | amount_mismatch | ₹64,427
2026-03-29 11:40:36,441 | WARNING | ALERT: T0005331 | missing_in_bank | ₹72,826
2026-03-29 11:40:36,441 | WARNING | ALERT: T0015677 | amount_mismatch | ₹65,511
2026-03-29 11:40:36,441 | WARNING | ALERT: T0013947 | amount_mismatch | ₹283,595
2026-03-29 11:40:36,441 | WARNING | ALERT: T0018457 | amount_mismatch | ₹192,726
2026-03-29 11:40:36,441 | WARNING | ALERT: T0019540 | amount_mismatch | ₹186,015
2026-03-29 11:40:36,441 | WARNING | ALERT: T0008620 | duplicate | ₹445,806
2026-03-29 11:40:36,441 | WARNING | ALERT: T0004026 | missing_in_bank | ₹79,516
2026-03-29 11:40:36,479 | INFO | Issues saved → data/issues_report.csv
2026-03-29 11:40:36,479 | INFO | Pipeline complete in 1.3s
2026-03-29 11:40:40,214 | WARNING | GOOGLE_API_KEY missing. GenAIAgent running in MOCK mode.
2026-03-29 11:40:40,214 | INFO | === FinOpsAgent: load_data() ===
2026-03-29 11:40:40,215 | INFO | Loading dataset from data/PS_20174392719_1491204439457_log.csv
2026-03-29 11:40:40,270 | INFO | Dataset loaded: 20,000 rows, 13 columns.
2026-03-29 11:40:40,320 | INFO | Injected 400 missing-in-bank rows.
2026-03-29 11:40:40,557 | INFO | Injected 200 missing-in-ledger rows.
2026-03-29 11:40:40,557 | INFO | Injected 270 amount-mismatch rows.
2026-03-29 11:40:40,558 | INFO | Injected 98 duplicate rows into bank.
2026-03-29 11:40:40,559 | INFO | Injected 181 name-inconsistency rows.
2026-03-29 11:40:40,692 | INFO | Saved internal_ledger.csv and bank_statement.csv.
2026-03-29 11:40:40,695 | INFO | Ledger: 19,800 rows | Bank: 19,698 rows
2026-03-29 11:40:40,695 | INFO | === FinOpsAgent: reconcile() ===
2026-03-29 11:40:40,748 | INFO | Reconciliation complete. Statuses:
{'matched': 19039, 'missing_in_bank': 400, 'amount_mismatch': 268, 'missing_in_ledger': 199, 'duplicate': 192}
2026-03-29 11:40:40,751 | INFO | === FinOpsAgent: detect_issues() ===
2026-03-29 11:40:40,759 | INFO | Training Isolation Forest on 19,800 samples …
2026-03-29 11:40:40,878 | INFO | Isolation Forest training complete.
2026-03-29 11:40:40,892 | INFO | Model saved → models/isolation_forest.joblib
2026-03-29 11:40:40,893 | INFO | Scaler saved → models/scaler.joblib
2026-03-29 11:40:40,972 | INFO | ML flagged 396 anomalies.
2026-03-29 11:40:40,985 | INFO | Total issues detected: 12,886
2026-03-29 11:40:40,986 | INFO | === FinOpsAgent: analyze_root_cause() ===
2026-03-29 11:40:40,987 | INFO | Executing GenAI granular analysis for high-impact items...
2026-03-29 11:40:40,988 | INFO | Root-cause analysis complete.
2026-03-29 11:40:40,988 | INFO | === FinOpsAgent: calculate_impact() ===
2026-03-29 11:40:40,990 | INFO | Generating GenAI Closing Narrative...
2026-03-29 11:40:40,992 | INFO | Total variance: ₹2,345,584,723.64
2026-03-29 11:40:40,993 | WARNING | ALERT: T0006615 | missing_in_bank | ₹273,121
2026-03-29 11:40:40,993 | WARNING | ALERT: T0018625 | missing_in_bank | ₹576,923
2026-03-29 11:40:40,993 | WARNING | ALERT: T0014367 | missing_in_bank | ₹318,349
2026-03-29 11:40:40,993 | WARNING | ALERT: T0011285 | missing_in_bank | ₹299,998
2026-03-29 11:40:40,993 | WARNING | ALERT: T0000151 | duplicate | ₹82,686
2026-03-29 11:40:40,993 | WARNING | ALERT: T0019210 | amount_mismatch | ₹174,822
2026-03-29 11:40:40,993 | WARNING | ALERT: T0008086 | missing_in_bank | ₹391,811
2026-03-29 11:40:40,993 | WARNING | ALERT: T0002304 | amount_mismatch | ₹200,612
2026-03-29 11:40:40,994 | WARNING | ALERT: T0018885 | amount_mismatch | ₹147,444
2026-03-29 11:40:40,994 | WARNING | ALERT: T0000411 | missing_in_bank | ₹764,773
2026-03-29 11:40:40,994 | WARNING | ALERT: T0016211 | amount_mismatch | ₹918,048
2026-03-29 11:40:40,994 | WARNING | ALERT: T0007962 | amount_mismatch | ₹295,475
2026-03-29 11:40:40,994 | WARNING | ALERT: T0017995 | amount_mismatch | ₹64,427
2026-03-29 11:40:40,994 | WARNING | ALERT: T0005331 | missing_in_bank | ₹72,826
2026-03-29 11:40:40,994 | WARNING | ALERT: T0015677 | amount_mismatch | ₹65,511
2026-03-29 11:40:40,994 | WARNING | ALERT: T0013947 | amount_mismatch | ₹283,595
2026-03-29 11:40:40,994 | WARNING | ALERT: T0018457 | amount_mismatch | ₹192,726
2026-03-29 11:40:40,994 | WARNING | ALERT: T0019540 | amount_mismatch | ₹186,015
2026-03-29 11:40:40,994 | WARNING | ALERT: T0008620 | duplicate | ₹445,806
2026-03-29 11:40:40,994 | WARNING | ALERT: T0004026 | missing_in_bank | ₹79,516
2026-03-29 11:40:41,034 | INFO | Issues saved → data/issues_report.csv
2026-03-29 11:40:41,034 | INFO | Pipeline complete in 0.8s
2026-03-29 11:41:08,198 | WARNING | GOOGLE_API_KEY missing. GenAIAgent running in MOCK mode.
2026-03-29 11:41:08,199 | INFO | === FinOpsAgent: load_data() ===
2026-03-29 11:41:08,199 | INFO | Loading dataset from data/PS_20174392719_1491204439457_log.csv
2026-03-29 11:41:08,245 | INFO | Dataset loaded: 20,000 rows, 13 columns.
2026-03-29 11:41:08,295 | INFO | Injected 400 missing-in-bank rows.
2026-03-29 11:41:08,537 | INFO | Injected 200 missing-in-ledger rows.
2026-03-29 11:41:08,538 | INFO | Injected 270 amount-mismatch rows.
2026-03-29 11:41:08,539 | INFO | Injected 98 duplicate rows into bank.
2026-03-29 11:41:08,539 | INFO | Injected 181 name-inconsistency rows.
2026-03-29 11:41:08,674 | INFO | Saved internal_ledger.csv and bank_statement.csv.
2026-03-29 11:41:08,677 | INFO | Ledger: 19,800 rows | Bank: 19,698 rows
2026-03-29 11:41:08,677 | INFO | === FinOpsAgent: reconcile() ===
2026-03-29 11:41:08,732 | INFO | Reconciliation complete. Statuses:
{'matched': 19039, 'missing_in_bank': 400, 'amount_mismatch': 268, 'missing_in_ledger': 199, 'duplicate': 192}
2026-03-29 11:41:08,735 | INFO | === FinOpsAgent: detect_issues() ===
2026-03-29 11:41:08,744 | INFO | Training Isolation Forest on 19,800 samples …
2026-03-29 11:41:08,859 | INFO | Isolation Forest training complete.
2026-03-29 11:41:08,873 | INFO | Model saved → models/isolation_forest.joblib
2026-03-29 11:41:08,873 | INFO | Scaler saved → models/scaler.joblib
2026-03-29 11:41:08,952 | INFO | ML flagged 396 anomalies.
2026-03-29 11:41:08,966 | INFO | Total issues detected: 12,886
2026-03-29 11:41:08,966 | INFO | === FinOpsAgent: analyze_root_cause() ===
2026-03-29 11:41:08,967 | INFO | Executing GenAI granular analysis for high-impact items...
2026-03-29 11:41:08,969 | INFO | Root-cause analysis complete.
2026-03-29 11:41:08,969 | INFO | === FinOpsAgent: calculate_impact() ===
2026-03-29 11:41:08,971 | INFO | Generating GenAI Closing Narrative...
2026-03-29 11:41:08,973 | INFO | Total variance: ₹2,345,584,723.64
2026-03-29 11:41:08,974 | WARNING | ALERT: T0006615 | missing_in_bank | ₹273,121
2026-03-29 11:41:08,974 | WARNING | ALERT: T0018625 | missing_in_bank | ₹576,923
2026-03-29 11:41:08,974 | WARNING | ALERT: T0014367 | missing_in_bank | ₹318,349
2026-03-29 11:41:08,974 | WARNING | ALERT: T0011285 | missing_in_bank | ₹299,998
2026-03-29 11:41:08,974 | WARNING | ALERT: T0000151 | duplicate | ₹82,686
2026-03-29 11:41:08,974 | WARNING | ALERT: T0019210 | amount_mismatch | ₹174,822
2026-03-29 11:41:08,974 | WARNING | ALERT: T0008086 | missing_in_bank | ₹391,811
2026-03-29 11:41:08,974 | WARNING | ALERT: T0002304 | amount_mismatch | ₹200,612
2026-03-29 11:41:08,974 | WARNING | ALERT: T0018885 | amount_mismatch | ₹147,444
2026-03-29 11:41:08,974 | WARNING | ALERT: T0000411 | missing_in_bank | ₹764,773
2026-03-29 11:41:08,974 | WARNING | ALERT: T0016211 | amount_mismatch | ₹918,048
2026-03-29 11:41:08,974 | WARNING | ALERT: T0007962 | amount_mismatch | ₹295,475
2026-03-29 11:41:08,974 | WARNING | ALERT: T0017995 | amount_mismatch | ₹64,427
2026-03-29 11:41:08,974 | WARNING | ALERT: T0005331 | missing_in_bank | ₹72,826
2026-03-29 11:41:08,975 | WARNING | ALERT: T0015677 | amount_mismatch | ₹65,511
2026-03-29 11:41:08,975 | WARNING | ALERT: T0013947 | amount_mismatch | ₹283,595
2026-03-29 11:41:08,975 | WARNING | ALERT: T0018457 | amount_mismatch | ₹192,726
2026-03-29 11:41:08,975 | WARNING | ALERT: T0019540 | amount_mismatch | ₹186,015
2026-03-29 11:41:08,975 | WARNING | ALERT: T0008620 | duplicate | ₹445,806
2026-03-29 11:41:08,975 | WARNING | ALERT: T0004026 | missing_in_bank | ₹79,516
2026-03-29 11:41:09,014 | INFO | Issues saved → data/issues_report.csv
2026-03-29 11:41:09,014 | INFO | Pipeline complete in 0.8s
2026-03-29 11:41:11,814 | WARNING | GOOGLE_API_KEY missing. GenAIAgent running in MOCK mode.
2026-03-29 11:41:11,815 | INFO | === FinOpsAgent: load_data() ===
2026-03-29 11:41:11,815 | INFO | Loading dataset from data/PS_20174392719_1491204439457_log.csv
2026-03-29 11:41:11,862 | INFO | Dataset loaded: 20,000 rows, 13 columns.
2026-03-29 11:41:11,911 | INFO | Injected 400 missing-in-bank rows.
2026-03-29 11:41:12,149 | INFO | Injected 200 missing-in-ledger rows.
2026-03-29 11:41:12,150 | INFO | Injected 270 amount-mismatch rows.
2026-03-29 11:41:12,150 | INFO | Injected 98 duplicate rows into bank.
2026-03-29 11:41:12,151 | INFO | Injected 181 name-inconsistency rows.
2026-03-29 11:41:12,284 | INFO | Saved internal_ledger.csv and bank_statement.csv.
2026-03-29 11:41:12,286 | INFO | Ledger: 19,800 rows | Bank: 19,698 rows
2026-03-29 11:41:12,287 | INFO | === FinOpsAgent: reconcile() ===
2026-03-29 11:41:12,344 | INFO | Reconciliation complete. Statuses:
{'matched': 19039, 'missing_in_bank': 400, 'amount_mismatch': 268, 'missing_in_ledger': 199, 'duplicate': 192}
2026-03-29 11:41:12,347 | INFO | === FinOpsAgent: detect_issues() ===
2026-03-29 11:41:12,355 | INFO | Training Isolation Forest on 19,800 samples …
2026-03-29 11:41:12,465 | INFO | Isolation Forest training complete.
2026-03-29 11:41:12,479 | INFO | Model saved → models/isolation_forest.joblib
2026-03-29 11:41:12,479 | INFO | Scaler saved → models/scaler.joblib
2026-03-29 11:41:12,556 | INFO | ML flagged 396 anomalies.
2026-03-29 11:41:12,569 | INFO | Total issues detected: 12,886
2026-03-29 11:41:12,570 | INFO | === FinOpsAgent: analyze_root_cause() ===
2026-03-29 11:41:12,571 | INFO | Executing GenAI granular analysis for high-impact items...
2026-03-29 11:41:12,572 | INFO | Root-cause analysis complete.
2026-03-29 11:41:12,572 | INFO | === FinOpsAgent: calculate_impact() ===
2026-03-29 11:41:12,574 | INFO | Generating GenAI Closing Narrative...
2026-03-29 11:41:12,576 | INFO | Total variance: ₹2,345,584,723.64
2026-03-29 11:41:12,577 | WARNING | ALERT: T0006615 | missing_in_bank | ₹273,121
2026-03-29 11:41:12,577 | WARNING | ALERT: T0018625 | missing_in_bank | ₹576,923
2026-03-29 11:41:12,577 | WARNING | ALERT: T0014367 | missing_in_bank | ₹318,349
2026-03-29 11:41:12,577 | WARNING | ALERT: T0011285 | missing_in_bank | ₹299,998
2026-03-29 11:41:12,577 | WARNING | ALERT: T0000151 | duplicate | ₹82,686
2026-03-29 11:41:12,577 | WARNING | ALERT: T0019210 | amount_mismatch | ₹174,822
2026-03-29 11:41:12,578 | WARNING | ALERT: T0008086 | missing_in_bank | ₹391,811
2026-03-29 11:41:12,578 | WARNING | ALERT: T0002304 | amount_mismatch | ₹200,612
2026-03-29 11:41:12,578 | WARNING | ALERT: T0018885 | amount_mismatch | ₹147,444
2026-03-29 11:41:12,578 | WARNING | ALERT: T0000411 | missing_in_bank | ₹764,773
2026-03-29 11:41:12,578 | WARNING | ALERT: T0016211 | amount_mismatch | ₹918,048
2026-03-29 11:41:12,578 | WARNING | ALERT: T0007962 | amount_mismatch | ₹295,475
2026-03-29 11:41:12,578 | WARNING | ALERT: T0017995 | amount_mismatch | ₹64,427
2026-03-29 11:41:12,578 | WARNING | ALERT: T0005331 | missing_in_bank | ₹72,826
2026-03-29 11:41:12,578 | WARNING | ALERT: T0015677 | amount_mismatch | ₹65,511
2026-03-29 11:41:12,578 | WARNING | ALERT: T0013947 | amount_mismatch | ₹283,595
2026-03-29 11:41:12,578 | WARNING | ALERT: T0018457 | amount_mismatch | ₹192,726
2026-03-29 11:41:12,578 | WARNING | ALERT: T0019540 | amount_mismatch | ₹186,015
2026-03-29 11:41:12,578 | WARNING | ALERT: T0008620 | duplicate | ₹445,806
2026-03-29 11:41:12,578 | WARNING | ALERT: T0004026 | missing_in_bank | ₹79,516
2026-03-29 11:41:12,616 | INFO | Issues saved → data/issues_report.csv
2026-03-29 11:41:12,616 | INFO | Pipeline complete in 0.8s
2026-03-29 11:41:16,859 | WARNING | GOOGLE_API_KEY missing. GenAIAgent running in MOCK mode.
2026-03-29 11:41:16,860 | INFO | === FinOpsAgent: load_data() ===
2026-03-29 11:41:16,860 | INFO | Loading dataset from data/PS_20174392719_1491204439457_log.csv
2026-03-29 11:41:16,893 | INFO | Dataset loaded: 20,000 rows, 13 columns.
2026-03-29 11:41:16,947 | INFO | Injected 400 missing-in-bank rows.
2026-03-29 11:41:17,184 | INFO | Injected 200 missing-in-ledger rows.
2026-03-29 11:41:17,185 | INFO | Injected 270 amount-mismatch rows.
2026-03-29 11:41:17,186 | INFO | Injected 98 duplicate rows into bank.
2026-03-29 11:41:17,186 | INFO | Injected 181 name-inconsistency rows.
2026-03-29 11:41:17,320 | INFO | Saved internal_ledger.csv and bank_statement.csv.
2026-03-29 11:41:17,323 | INFO | Ledger: 19,800 rows | Bank: 19,698 rows
2026-03-29 11:41:17,323 | INFO | === FinOpsAgent: reconcile() ===
2026-03-29 11:41:17,376 | INFO | Reconciliation complete. Statuses:
{'matched': 19039, 'missing_in_bank': 400, 'amount_mismatch': 268, 'missing_in_ledger': 199, 'duplicate': 192}
2026-03-29 11:41:17,378 | INFO | === FinOpsAgent: detect_issues() ===
2026-03-29 11:41:17,387 | INFO | Training Isolation Forest on 19,800 samples …
2026-03-29 11:41:17,506 | INFO | Isolation Forest training complete.
2026-03-29 11:41:17,521 | INFO | Model saved → models/isolation_forest.joblib
2026-03-29 11:41:17,521 | INFO | Scaler saved → models/scaler.joblib
2026-03-29 11:41:17,598 | INFO | ML flagged 396 anomalies.
2026-03-29 11:41:17,611 | INFO | Total issues detected: 12,886
2026-03-29 11:41:17,612 | INFO | === FinOpsAgent: analyze_root_cause() ===
2026-03-29 11:41:17,613 | INFO | Executing GenAI granular analysis for high-impact items...
2026-03-29 11:41:17,614 | INFO | Root-cause analysis complete.
2026-03-29 11:41:17,614 | INFO | === FinOpsAgent: calculate_impact() ===
2026-03-29 11:41:17,617 | INFO | Generating GenAI Closing Narrative...
2026-03-29 11:41:17,618 | INFO | Total variance: ₹2,345,584,723.64
2026-03-29 11:41:17,619 | WARNING | ALERT: T0006615 | missing_in_bank | ₹273,121
2026-03-29 11:41:17,620 | WARNING | ALERT: T0018625 | missing_in_bank | ₹576,923
2026-03-29 11:41:17,620 | WARNING | ALERT: T0014367 | missing_in_bank | ₹318,349
2026-03-29 11:41:17,620 | WARNING | ALERT: T0011285 | missing_in_bank | ₹299,998
2026-03-29 11:41:17,620 | WARNING | ALERT: T0000151 | duplicate | ₹82,686
2026-03-29 11:41:17,620 | WARNING | ALERT: T0019210 | amount_mismatch | ₹174,822
2026-03-29 11:41:17,620 | WARNING | ALERT: T0008086 | missing_in_bank | ₹391,811
2026-03-29 11:41:17,620 | WARNING | ALERT: T0002304 | amount_mismatch | ₹200,612
2026-03-29 11:41:17,620 | WARNING | ALERT: T0018885 | amount_mismatch | ₹147,444
2026-03-29 11:41:17,620 | WARNING | ALERT: T0000411 | missing_in_bank | ₹764,773
2026-03-29 11:41:17,620 | WARNING | ALERT: T0016211 | amount_mismatch | ₹918,048
2026-03-29 11:41:17,620 | WARNING | ALERT: T0007962 | amount_mismatch | ₹295,475
2026-03-29 11:41:17,620 | WARNING | ALERT: T0017995 | amount_mismatch | ₹64,427
2026-03-29 11:41:17,620 | WARNING | ALERT: T0005331 | missing_in_bank | ₹72,826
2026-03-29 11:41:17,620 | WARNING | ALERT: T0015677 | amount_mismatch | ₹65,511
2026-03-29 11:41:17,620 | WARNING | ALERT: T0013947 | amount_mismatch | ₹283,595
2026-03-29 11:41:17,620 | WARNING | ALERT: T0018457 | amount_mismatch | ₹192,726
2026-03-29 11:41:17,620 | WARNING | ALERT: T0019540 | amount_mismatch | ₹186,015
2026-03-29 11:41:17,620 | WARNING | ALERT: T0008620 | duplicate | ₹445,806
2026-03-29 11:41:17,620 | WARNING | ALERT: T0004026 | missing_in_bank | ₹79,516
2026-03-29 11:41:17,659 | INFO | Issues saved → data/issues_report.csv
2026-03-29 11:41:17,659 | INFO | Pipeline complete in 0.8s
2026-03-29 11:41:20,515 | WARNING | GOOGLE_API_KEY missing. GenAIAgent running in MOCK mode.
2026-03-29 11:41:20,515 | INFO | === FinOpsAgent: load_data() ===
2026-03-29 11:41:20,515 | INFO | Loading dataset from data/PS_20174392719_1491204439457_log.csv
2026-03-29 11:41:20,559 | INFO | Dataset loaded: 20,000 rows, 13 columns.
2026-03-29 11:41:20,612 | INFO | Injected 400 missing-in-bank rows.
2026-03-29 11:41:20,846 | INFO | Injected 200 missing-in-ledger rows.
2026-03-29 11:41:20,846 | INFO | Injected 270 amount-mismatch rows.
2026-03-29 11:41:20,847 | INFO | Injected 98 duplicate rows into bank.
2026-03-29 11:41:20,847 | INFO | Injected 181 name-inconsistency rows.
2026-03-29 11:41:20,981 | INFO | Saved internal_ledger.csv and bank_statement.csv.
2026-03-29 11:41:20,983 | INFO | Ledger: 19,800 rows | Bank: 19,698 rows
2026-03-29 11:41:20,984 | INFO | === FinOpsAgent: reconcile() ===
2026-03-29 11:41:21,037 | INFO | Reconciliation complete. Statuses:
{'matched': 19039, 'missing_in_bank': 400, 'amount_mismatch': 268, 'missing_in_ledger': 199, 'duplicate': 192}
2026-03-29 11:41:21,041 | INFO | === FinOpsAgent: detect_issues() ===
2026-03-29 11:41:21,049 | INFO | Training Isolation Forest on 19,800 samples …
2026-03-29 11:41:21,168 | INFO | Isolation Forest training complete.
2026-03-29 11:41:21,182 | INFO | Model saved → models/isolation_forest.joblib
2026-03-29 11:41:21,182 | INFO | Scaler saved → models/scaler.joblib
2026-03-29 11:41:21,260 | INFO | ML flagged 396 anomalies.
2026-03-29 11:41:21,273 | INFO | Total issues detected: 12,886
2026-03-29 11:41:21,274 | INFO | === FinOpsAgent: analyze_root_cause() ===
2026-03-29 11:41:21,275 | INFO | Executing GenAI granular analysis for high-impact items...
2026-03-29 11:41:21,276 | INFO | Root-cause analysis complete.
2026-03-29 11:41:21,277 | INFO | === FinOpsAgent: calculate_impact() ===
2026-03-29 11:41:21,279 | INFO | Generating GenAI Closing Narrative...
2026-03-29 11:41:21,280 | INFO | Total variance: ₹2,345,584,723.64
2026-03-29 11:41:21,282 | WARNING | ALERT: T0006615 | missing_in_bank | ₹273,121
2026-03-29 11:41:21,282 | WARNING | ALERT: T0018625 | missing_in_bank | ₹576,923
2026-03-29 11:41:21,282 | WARNING | ALERT: T0014367 | missing_in_bank | ₹318,349
2026-03-29 11:41:21,282 | WARNING | ALERT: T0011285 | missing_in_bank | ₹299,998
2026-03-29 11:41:21,282 | WARNING | ALERT: T0000151 | duplicate | ₹82,686
2026-03-29 11:41:21,282 | WARNING | ALERT: T0019210 | amount_mismatch | ₹174,822
2026-03-29 11:41:21,282 | WARNING | ALERT: T0008086 | missing_in_bank | ₹391,811
2026-03-29 11:41:21,282 | WARNING | ALERT: T0002304 | amount_mismatch | ₹200,612
2026-03-29 11:41:21,282 | WARNING | ALERT: T0018885 | amount_mismatch | ₹147,444
2026-03-29 11:41:21,282 | WARNING | ALERT: T0000411 | missing_in_bank | ₹764,773
2026-03-29 11:41:21,282 | WARNING | ALERT: T0016211 | amount_mismatch | ₹918,048
2026-03-29 11:41:21,282 | WARNING | ALERT: T0007962 | amount_mismatch | ₹295,475
2026-03-29 11:41:21,282 | WARNING | ALERT: T0017995 | amount_mismatch | ₹64,427
2026-03-29 11:41:21,282 | WARNING | ALERT: T0005331 | missing_in_bank | ₹72,826
2026-03-29 11:41:21,282 | WARNING | ALERT: T0015677 | amount_mismatch | ₹65,511
2026-03-29 11:41:21,282 | WARNING | ALERT: T0013947 | amount_mismatch | ₹283,595
2026-03-29 11:41:21,282 | WARNING | ALERT: T0018457 | amount_mismatch | ₹192,726
2026-03-29 11:41:21,282 | WARNING | ALERT: T0019540 | amount_mismatch | ₹186,015
2026-03-29 11:41:21,282 | WARNING | ALERT: T0008620 | duplicate | ₹445,806
2026-03-29 11:41:21,282 | WARNING | ALERT: T0004026 | missing_in_bank | ₹79,516
2026-03-29 11:41:21,323 | INFO | Issues saved → data/issues_report.csv
2026-03-29 11:41:21,323 | INFO | Pipeline complete in 0.8s
2026-03-29 11:41:22,980 | WARNING | GOOGLE_API_KEY missing. GenAIAgent running in MOCK mode.
2026-03-29 11:41:22,980 | INFO | === FinOpsAgent: load_data() ===
2026-03-29 11:41:22,980 | INFO | Loading dataset from data/PS_20174392719_1491204439457_log.csv
2026-03-29 11:41:23,019 | INFO | Dataset loaded: 20,000 rows, 13 columns.
2026-03-29 11:41:23,070 | INFO | Injected 400 missing-in-bank rows.
2026-03-29 11:41:23,316 | INFO | Injected 200 missing-in-ledger rows.
2026-03-29 11:41:23,316 | INFO | Injected 270 amount-mismatch rows.
2026-03-29 11:41:23,317 | INFO | Injected 98 duplicate rows into bank.
2026-03-29 11:41:23,318 | INFO | Injected 181 name-inconsistency rows.
2026-03-29 11:41:23,451 | INFO | Saved internal_ledger.csv and bank_statement.csv.
2026-03-29 11:41:23,454 | INFO | Ledger: 19,800 rows | Bank: 19,698 rows
2026-03-29 11:41:23,454 | INFO | === FinOpsAgent: reconcile() ===
2026-03-29 11:41:23,507 | INFO | Reconciliation complete. Statuses:
{'matched': 19039, 'missing_in_bank': 400, 'amount_mismatch': 268, 'missing_in_ledger': 199, 'duplicate': 192}
2026-03-29 11:41:23,511 | INFO | === FinOpsAgent: detect_issues() ===
2026-03-29 11:41:23,519 | INFO | Training Isolation Forest on 19,800 samples …
2026-03-29 11:41:23,639 | INFO | Isolation Forest training complete.
2026-03-29 11:41:23,654 | INFO | Model saved → models/isolation_forest.joblib
2026-03-29 11:41:23,654 | INFO | Scaler saved → models/scaler.joblib
2026-03-29 11:41:23,730 | INFO | ML flagged 396 anomalies.
2026-03-29 11:41:23,744 | INFO | Total issues detected: 12,886
2026-03-29 11:41:23,744 | INFO | === FinOpsAgent: analyze_root_cause() ===
2026-03-29 11:41:23,745 | INFO | Executing GenAI granular analysis for high-impact items...
2026-03-29 11:41:23,747 | INFO | Root-cause analysis complete.
2026-03-29 11:41:23,747 | INFO | === FinOpsAgent: calculate_impact() ===
2026-03-29 11:41:23,749 | INFO | Generating GenAI Closing Narrative...
2026-03-29 11:41:23,751 | INFO | Total variance: ₹2,345,584,723.64
2026-03-29 11:41:23,752 | WARNING | ALERT: T0006615 | missing_in_bank | ₹273,121
2026-03-29 11:41:23,752 | WARNING | ALERT: T0018625 | missing_in_bank | ₹576,923
2026-03-29 11:41:23,752 | WARNING | ALERT: T0014367 | missing_in_bank | ₹318,349
2026-03-29 11:41:23,752 | WARNING | ALERT: T0011285 | missing_in_bank | ₹299,998
2026-03-29 11:41:23,752 | WARNING | ALERT: T0000151 | duplicate | ₹82,686
2026-03-29 11:41:23,753 | WARNING | ALERT: T0019210 | amount_mismatch | ₹174,822
2026-03-29 11:41:23,753 | WARNING | ALERT: T0008086 | missing_in_bank | ₹391,811
2026-03-29 11:41:23,753 | WARNING | ALERT: T0002304 | amount_mismatch | ₹200,612
2026-03-29 11:41:23,753 | WARNING | ALERT: T0018885 | amount_mismatch | ₹147,444
2026-03-29 11:41:23,753 | WARNING | ALERT: T0000411 | missing_in_bank | ₹764,773
2026-03-29 11:41:23,753 | WARNING | ALERT: T0016211 | amount_mismatch | ₹918,048
2026-03-29 11:41:23,753 | WARNING | ALERT: T0007962 | amount_mismatch | ₹295,475
2026-03-29 11:41:23,753 | WARNING | ALERT: T0017995 | amount_mismatch | ₹64,427
2026-03-29 11:41:23,753 | WARNING | ALERT: T0005331 | missing_in_bank | ₹72,826
2026-03-29 11:41:23,753 | WARNING | ALERT: T0015677 | amount_mismatch | ₹65,511
2026-03-29 11:41:23,753 | WARNING | ALERT: T0013947 | amount_mismatch | ₹283,595
2026-03-29 11:41:23,753 | WARNING | ALERT: T0018457 | amount_mismatch | ₹192,726
2026-03-29 11:41:23,753 | WARNING | ALERT: T0019540 | amount_mismatch | ₹186,015
2026-03-29 11:41:23,753 | WARNING | ALERT: T0008620 | duplicate | ₹445,806
2026-03-29 11:41:23,753 | WARNING | ALERT: T0004026 | missing_in_bank | ₹79,516
2026-03-29 11:41:23,791 | INFO | Issues saved → data/issues_report.csv
2026-03-29 11:41:23,791 | INFO | Pipeline complete in 0.8s
2026-03-29 11:41:27,114 | WARNING | GOOGLE_API_KEY missing. GenAIAgent running in MOCK mode.
2026-03-29 11:41:27,115 | INFO | === FinOpsAgent: load_data() ===
2026-03-29 11:41:27,115 | INFO | Loading dataset from data/PS_20174392719_1491204439457_log.csv
2026-03-29 11:41:27,163 | INFO | Dataset loaded: 20,000 rows, 13 columns.
2026-03-29 11:41:27,212 | INFO | Injected 400 missing-in-bank rows.
2026-03-29 11:41:27,451 | INFO | Injected 200 missing-in-ledger rows.
2026-03-29 11:41:27,452 | INFO | Injected 270 amount-mismatch rows.
2026-03-29 11:41:27,453 | INFO | Injected 98 duplicate rows into bank.
2026-03-29 11:41:27,453 | INFO | Injected 181 name-inconsistency rows.
2026-03-29 11:41:27,588 | INFO | Saved internal_ledger.csv and bank_statement.csv.
2026-03-29 11:41:27,591 | INFO | Ledger: 19,800 rows | Bank: 19,698 rows
2026-03-29 11:41:27,591 | INFO | === FinOpsAgent: reconcile() ===
2026-03-29 11:41:27,644 | INFO | Reconciliation complete. Statuses:
{'matched': 19039, 'missing_in_bank': 400, 'amount_mismatch': 268, 'missing_in_ledger': 199, 'duplicate': 192}
2026-03-29 11:41:27,647 | INFO | === FinOpsAgent: detect_issues() ===
2026-03-29 11:41:27,655 | INFO | Training Isolation Forest on 19,800 samples …
2026-03-29 11:41:27,764 | INFO | Isolation Forest training complete.
2026-03-29 11:41:27,779 | INFO | Model saved → models/isolation_forest.joblib
2026-03-29 11:41:27,779 | INFO | Scaler saved → models/scaler.joblib
2026-03-29 11:41:27,857 | INFO | ML flagged 396 anomalies.
2026-03-29 11:41:27,870 | INFO | Total issues detected: 12,886
2026-03-29 11:41:27,870 | INFO | === FinOpsAgent: analyze_root_cause() ===
2026-03-29 11:41:27,871 | INFO | Executing GenAI granular analysis for high-impact items...
2026-03-29 11:41:27,872 | INFO | Root-cause analysis complete.
2026-03-29 11:41:27,873 | INFO | === FinOpsAgent: calculate_impact() ===
2026-03-29 11:41:27,875 | INFO | Generating GenAI Closing Narrative...
2026-03-29 11:41:27,876 | INFO | Total variance: ₹2,345,584,723.64
2026-03-29 11:41:27,878 | WARNING | ALERT: T0006615 | missing_in_bank | ₹273,121
2026-03-29 11:41:27,878 | WARNING | ALERT: T0018625 | missing_in_bank | ₹576,923
2026-03-29 11:41:27,878 | WARNING | ALERT: T0014367 | missing_in_bank | ₹318,349
2026-03-29 11:41:27,878 | WARNING | ALERT: T0011285 | missing_in_bank | ₹299,998
2026-03-29 11:41:27,878 | WARNING | ALERT: T0000151 | duplicate | ₹82,686
2026-03-29 11:41:27,878 | WARNING | ALERT: T0019210 | amount_mismatch | ₹174,822
2026-03-29 11:41:27,878 | WARNING | ALERT: T0008086 | missing_in_bank | ₹391,811
2026-03-29 11:41:27,878 | WARNING | ALERT: T0002304 | amount_mismatch | ₹200,612
2026-03-29 11:41:27,878 | WARNING | ALERT: T0018885 | amount_mismatch | ₹147,444
2026-03-29 11:41:27,878 | WARNING | ALERT: T0000411 | missing_in_bank | ₹764,773
2026-03-29 11:41:27,878 | WARNING | ALERT: T0016211 | amount_mismatch | ₹918,048
2026-03-29 11:41:27,878 | WARNING | ALERT: T0007962 | amount_mismatch | ₹295,475
2026-03-29 11:41:27,878 | WARNING | ALERT: T0017995 | amount_mismatch | ₹64,427
2026-03-29 11:41:27,878 | WARNING | ALERT: T0005331 | missing_in_bank | ₹72,826
2026-03-29 11:41:27,878 | WARNING | ALERT: T0015677 | amount_mismatch | ₹65,511
2026-03-29 11:41:27,878 | WARNING | ALERT: T0013947 | amount_mismatch | ₹283,595
2026-03-29 11:41:27,878 | WARNING | ALERT: T0018457 | amount_mismatch | ₹192,726
2026-03-29 11:41:27,878 | WARNING | ALERT: T0019540 | amount_mismatch | ₹186,015
2026-03-29 11:41:27,878 | WARNING | ALERT: T0008620 | duplicate | ₹445,806
2026-03-29 11:41:27,878 | WARNING | ALERT: T0004026 | missing_in_bank | ₹79,516
2026-03-29 11:41:27,917 | INFO | Issues saved → data/issues_report.csv
2026-03-29 11:41:27,917 | INFO | Pipeline complete in 0.8s
2026-03-29 11:41:43,629 | WARNING | GOOGLE_API_KEY missing. GenAIAgent running in MOCK mode.
2026-03-29 11:41:43,631 | INFO | === FinOpsAgent: load_data() ===
2026-03-29 11:41:43,631 | INFO | Loading dataset from data/PS_20174392719_1491204439457_log.csv
2026-03-29 11:41:43,674 | INFO | Dataset loaded: 20,000 rows, 13 columns.
2026-03-29 11:41:43,724 | INFO | Injected 400 missing-in-bank rows.
2026-03-29 11:41:43,963 | INFO | Injected 200 missing-in-ledger rows.
2026-03-29 11:41:43,963 | INFO | Injected 270 amount-mismatch rows.
2026-03-29 11:41:43,964 | INFO | Injected 98 duplicate rows into bank.
2026-03-29 11:41:43,964 | INFO | Injected 181 name-inconsistency rows.
2026-03-29 11:41:44,096 | INFO | Saved internal_ledger.csv and bank_statement.csv.
2026-03-29 11:41:44,099 | INFO | Ledger: 19,800 rows | Bank: 19,698 rows
2026-03-29 11:41:44,099 | INFO | === FinOpsAgent: reconcile() ===
2026-03-29 11:41:44,153 | INFO | Reconciliation complete. Statuses:
{'matched': 19039, 'missing_in_bank': 400, 'amount_mismatch': 268, 'missing_in_ledger': 199, 'duplicate': 192}
2026-03-29 11:41:44,156 | INFO | === FinOpsAgent: detect_issues() ===
2026-03-29 11:41:44,165 | INFO | Training Isolation Forest on 19,800 samples …
2026-03-29 11:41:44,284 | INFO | Isolation Forest training complete.
2026-03-29 11:41:44,299 | INFO | Model saved → models/isolation_forest.joblib
2026-03-29 11:41:44,299 | INFO | Scaler saved → models/scaler.joblib
2026-03-29 11:41:44,376 | INFO | ML flagged 396 anomalies.
2026-03-29 11:41:44,389 | INFO | Total issues detected: 12,886
2026-03-29 11:41:44,390 | INFO | === FinOpsAgent: analyze_root_cause() ===
2026-03-29 11:41:44,391 | INFO | Executing GenAI granular analysis for high-impact items...
2026-03-29 11:41:44,392 | INFO | Root-cause analysis complete.
2026-03-29 11:41:44,392 | INFO | === FinOpsAgent: calculate_impact() ===
2026-03-29 11:41:44,395 | INFO | Generating GenAI Closing Narrative...
2026-03-29 11:41:44,396 | INFO | Total variance: ₹2,345,584,723.64
2026-03-29 11:41:44,397 | WARNING | ALERT: T0006615 | missing_in_bank | ₹273,121
2026-03-29 11:41:44,397 | WARNING | ALERT: T0018625 | missing_in_bank | ₹576,923
2026-03-29 11:41:44,398 | WARNING | ALERT: T0014367 | missing_in_bank | ₹318,349
2026-03-29 11:41:44,398 | WARNING | ALERT: T0011285 | missing_in_bank | ₹299,998
2026-03-29 11:41:44,398 | WARNING | ALERT: T0000151 | duplicate | ₹82,686
2026-03-29 11:41:44,398 | WARNING | ALERT: T0019210 | amount_mismatch | ₹174,822
2026-03-29 11:41:44,398 | WARNING | ALERT: T0008086 | missing_in_bank | ₹391,811
2026-03-29 11:41:44,398 | WARNING | ALERT: T0002304 | amount_mismatch | ₹200,612
2026-03-29 11:41:44,398 | WARNING | ALERT: T0018885 | amount_mismatch | ₹147,444
2026-03-29 11:41:44,398 | WARNING | ALERT: T0000411 | missing_in_bank | ₹764,773
2026-03-29 11:41:44,398 | WARNING | ALERT: T0016211 | amount_mismatch | ₹918,048
2026-03-29 11:41:44,398 | WARNING | ALERT: T0007962 | amount_mismatch | ₹295,475
2026-03-29 11:41:44,398 | WARNING | ALERT: T0017995 | amount_mismatch | ₹64,427
2026-03-29 11:41:44,398 | WARNING | ALERT: T0005331 | missing_in_bank | ₹72,826
2026-03-29 11:41:44,398 | WARNING | ALERT: T0015677 | amount_mismatch | ₹65,511
2026-03-29 11:41:44,398 | WARNING | ALERT: T0013947 | amount_mismatch | ₹283,595
2026-03-29 11:41:44,398 | WARNING | ALERT: T0018457 | amount_mismatch | ₹192,726
2026-03-29 11:41:44,398 | WARNING | ALERT: T0019540 | amount_mismatch | ₹186,015
2026-03-29 11:41:44,398 | WARNING | ALERT: T0008620 | duplicate | ₹445,806
2026-03-29 11:41:44,398 | WARNING | ALERT: T0004026 | missing_in_bank | ₹79,516
2026-03-29 11:41:44,438 | INFO | Issues saved → data/issues_report.csv
2026-03-29 11:41:44,438 | INFO | Pipeline complete in 0.8s
2026-03-29 11:41:46,763 | WARNING | GOOGLE_API_KEY missing. GenAIAgent running in MOCK mode.
2026-03-29 11:41:46,763 | INFO | === FinOpsAgent: load_data() ===
2026-03-29 11:41:46,764 | INFO | Loading dataset from data/PS_20174392719_1491204439457_log.csv
2026-03-29 11:41:46,807 | INFO | Dataset loaded: 20,000 rows, 13 columns.
2026-03-29 11:41:46,860 | INFO | Injected 400 missing-in-bank rows.
2026-03-29 11:41:47,096 | INFO | Injected 200 missing-in-ledger rows.
2026-03-29 11:41:47,097 | INFO | Injected 270 amount-mismatch rows.
2026-03-29 11:41:47,098 | INFO | Injected 98 duplicate rows into bank.
2026-03-29 11:41:47,098 | INFO | Injected 181 name-inconsistency rows.
2026-03-29 11:41:47,231 | INFO | Saved internal_ledger.csv and bank_statement.csv.
2026-03-29 11:41:47,234 | INFO | Ledger: 19,800 rows | Bank: 19,698 rows
2026-03-29 11:41:47,234 | INFO | === FinOpsAgent: reconcile() ===
2026-03-29 11:41:47,296 | INFO | Reconciliation complete. Statuses:
{'matched': 19039, 'missing_in_bank': 400, 'amount_mismatch': 268, 'missing_in_ledger': 199, 'duplicate': 192}
2026-03-29 11:41:47,301 | INFO | === FinOpsAgent: detect_issues() ===
2026-03-29 11:41:47,311 | INFO | Training Isolation Forest on 19,800 samples …
2026-03-29 11:41:47,426 | INFO | Isolation Forest training complete.
2026-03-29 11:41:47,440 | INFO | Model saved → models/isolation_forest.joblib
2026-03-29 11:41:47,440 | INFO | Scaler saved → models/scaler.joblib
2026-03-29 11:41:47,517 | INFO | ML flagged 396 anomalies.
2026-03-29 11:41:47,530 | INFO | Total issues detected: 12,886
2026-03-29 11:41:47,531 | INFO | === FinOpsAgent: analyze_root_cause() ===
2026-03-29 11:41:47,532 | INFO | Executing GenAI granular analysis for high-impact items...
2026-03-29 11:41:47,533 | INFO | Root-cause analysis complete.
2026-03-29 11:41:47,534 | INFO | === FinOpsAgent: calculate_impact() ===
2026-03-29 11:41:47,536 | INFO | Generating GenAI Closing Narrative...
2026-03-29 11:41:47,537 | INFO | Total variance: ₹2,345,584,723.64
2026-03-29 11:41:47,539 | WARNING | ALERT: T0006615 | missing_in_bank | ₹273,121
2026-03-29 11:41:47,539 | WARNING | ALERT: T0018625 | missing_in_bank | ₹576,923
2026-03-29 11:41:47,539 | WARNING | ALERT: T0014367 | missing_in_bank | ₹318,349
2026-03-29 11:41:47,539 | WARNING | ALERT: T0011285 | missing_in_bank | ₹299,998
2026-03-29 11:41:47,539 | WARNING | ALERT: T0000151 | duplicate | ₹82,686
2026-03-29 11:41:47,539 | WARNING | ALERT: T0019210 | amount_mismatch | ₹174,822
2026-03-29 11:41:47,539 | WARNING | ALERT: T0008086 | missing_in_bank | ₹391,811
2026-03-29 11:41:47,539 | WARNING | ALERT: T0002304 | amount_mismatch | ₹200,612
2026-03-29 11:41:47,539 | WARNING | ALERT: T0018885 | amount_mismatch | ₹147,444
2026-03-29 11:41:47,539 | WARNING | ALERT: T0000411 | missing_in_bank | ₹764,773
2026-03-29 11:41:47,539 | WARNING | ALERT: T0016211 | amount_mismatch | ₹918,048
2026-03-29 11:41:47,539 | WARNING | ALERT: T0007962 | amount_mismatch | ₹295,475
2026-03-29 11:41:47,539 | WARNING | ALERT: T0017995 | amount_mismatch | ₹64,427
2026-03-29 11:41:47,539 | WARNING | ALERT: T0005331 | missing_in_bank | ₹72,826
2026-03-29 11:41:47,539 | WARNING | ALERT: T0015677 | amount_mismatch | ₹65,511
2026-03-29 11:41:47,539 | WARNING | ALERT: T0013947 | amount_mismatch | ₹283,595
2026-03-29 11:41:47,539 | WARNING | ALERT: T0018457 | amount_mismatch | ₹192,726
2026-03-29 11:41:47,539 | WARNING | ALERT: T0019540 | amount_mismatch | ₹186,015
2026-03-29 11:41:47,539 | WARNING | ALERT: T0008620 | duplicate | ₹445,806
2026-03-29 11:41:47,539 | WARNING | ALERT: T0004026 | missing_in_bank | ₹79,516
2026-03-29 11:41:47,577 | INFO | Issues saved → data/issues_report.csv
2026-03-29 11:41:47,577 | INFO | Pipeline complete in 0.8s
2026-03-29 11:41:49,114 | WARNING | GOOGLE_API_KEY missing. GenAIAgent running in MOCK mode.
2026-03-29 11:41:49,114 | INFO | === FinOpsAgent: load_data() ===
2026-03-29 11:41:49,119 | INFO | Loading dataset from data/PS_20174392719_1491204439457_log.csv
2026-03-29 11:41:49,164 | INFO | Dataset loaded: 20,000 rows, 13 columns.
2026-03-29 11:41:49,213 | INFO | Injected 400 missing-in-bank rows.
2026-03-29 11:41:49,460 | INFO | Injected 200 missing-in-ledger rows.
2026-03-29 11:41:49,460 | INFO | Injected 270 amount-mismatch rows.
2026-03-29 11:41:49,461 | INFO | Injected 98 duplicate rows into bank.
2026-03-29 11:41:49,461 | INFO | Injected 181 name-inconsistency rows.
2026-03-29 11:41:49,596 | INFO | Saved internal_ledger.csv and bank_statement.csv.
2026-03-29 11:41:49,598 | INFO | Ledger: 19,800 rows | Bank: 19,698 rows
2026-03-29 11:41:49,599 | INFO | === FinOpsAgent: reconcile() ===
2026-03-29 11:41:49,654 | INFO | Reconciliation complete. Statuses:
{'matched': 19039, 'missing_in_bank': 400, 'amount_mismatch': 268, 'missing_in_ledger': 199, 'duplicate': 192}
2026-03-29 11:41:49,657 | INFO | === FinOpsAgent: detect_issues() ===
2026-03-29 11:41:49,667 | INFO | Training Isolation Forest on 19,800 samples …
2026-03-29 11:41:49,792 | INFO | Isolation Forest training complete.
2026-03-29 11:41:49,806 | INFO | Model saved → models/isolation_forest.joblib
2026-03-29 11:41:49,806 | INFO | Scaler saved → models/scaler.joblib
2026-03-29 11:41:49,888 | INFO | ML flagged 396 anomalies.
2026-03-29 11:41:49,901 | INFO | Total issues detected: 12,886
2026-03-29 11:41:49,902 | INFO | === FinOpsAgent: analyze_root_cause() ===
2026-03-29 11:41:49,903 | INFO | Executing GenAI granular analysis for high-impact items...
2026-03-29 11:41:49,904 | INFO | Root-cause analysis complete.
2026-03-29 11:41:49,904 | INFO | === FinOpsAgent: calculate_impact() ===
2026-03-29 11:41:49,907 | INFO | Generating GenAI Closing Narrative...
2026-03-29 11:41:49,908 | INFO | Total variance: ₹2,345,584,723.64
2026-03-29 11:41:49,910 | WARNING | ALERT: T0006615 | missing_in_bank | ₹273,121
2026-03-29 11:41:49,910 | WARNING | ALERT: T0018625 | missing_in_bank | ₹576,923
2026-03-29 11:41:49,910 | WARNING | ALERT: T0014367 | missing_in_bank | ₹318,349
2026-03-29 11:41:49,910 | WARNING | ALERT: T0011285 | missing_in_bank | ₹299,998
2026-03-29 11:41:49,910 | WARNING | ALERT: T0000151 | duplicate | ₹82,686
2026-03-29 11:41:49,910 | WARNING | ALERT: T0019210 | amount_mismatch | ₹174,822
2026-03-29 11:41:49,910 | WARNING | ALERT: T0008086 | missing_in_bank | ₹391,811
2026-03-29 11:41:49,910 | WARNING | ALERT: T0002304 | amount_mismatch | ₹200,612
2026-03-29 11:41:49,910 | WARNING | ALERT: T0018885 | amount_mismatch | ₹147,444
2026-03-29 11:41:49,910 | WARNING | ALERT: T0000411 | missing_in_bank | ₹764,773
2026-03-29 11:41:49,910 | WARNING | ALERT: T0016211 | amount_mismatch | ₹918,048
2026-03-29 11:41:49,910 | WARNING | ALERT: T0007962 | amount_mismatch | ₹295,475
2026-03-29 11:41:49,910 | WARNING | ALERT: T0017995 | amount_mismatch | ₹64,427
2026-03-29 11:41:49,910 | WARNING | ALERT: T0005331 | missing_in_bank | ₹72,826
2026-03-29 11:41:49,910 | WARNING | ALERT: T0015677 | amount_mismatch | ₹65,511
2026-03-29 11:41:49,910 | WARNING | ALERT: T0013947 | amount_mismatch | ₹283,595
2026-03-29 11:41:49,910 | WARNING | ALERT: T0018457 | amount_mismatch | ₹192,726
2026-03-29 11:41:49,910 | WARNING | ALERT: T0019540 | amount_mismatch | ₹186,015
2026-03-29 11:41:49,910 | WARNING | ALERT: T0008620 | duplicate | ₹445,806
2026-03-29 11:41:49,910 | WARNING | ALERT: T0004026 | missing_in_bank | ₹79,516
2026-03-29 11:41:49,950 | INFO | Issues saved → data/issues_report.csv
2026-03-29 11:41:49,950 | INFO | Pipeline complete in 0.8s
